<?xml version="1.0" encoding="utf-8"?>
<!DOCTYPE coverage SYSTEM "http://cobertura.sourceforge.net/xml/coverage-04.dtd">
<coverage line-rate="0.210237972949837" branch-rate="0.0947293447293447" lines-covered="1228" lines-valid="5841" branches-covered="266" branches-valid="2808" complexity="2366" version="0" timestamp="1670871011">
  <sources />
  <packages>
    <package name="Unity.Abstractions" line-rate="0.0646464646464646" branch-rate="0.0206043956043956" complexity="752">
      <classes>
        <class name="System.Reflection.IntrospectionExtensions" filename="C:\projects\unity\Abstractions\src\Extensions\Reflection\IntrospectionExtensions.cs" line-rate="1" branch-rate="1" complexity="NaN">
          <methods>
            <method name="GetGetMethod" signature="(System.Reflection.PropertyInfo,System.Boolean)" line-rate="1" branch-rate="1" complexity="NaN">
              <lines />
            </method>
            <method name="GetSetMethod" signature="(System.Reflection.PropertyInfo,System.Boolean)" line-rate="1" branch-rate="1" complexity="NaN">
              <lines />
            </method>
          </methods>
          <lines />
        </class>
        <class name="Unity.DependencyAttribute" filename="C:\projects\unity\Abstractions\src\Attributes\Annotation\DependencyAttribute.cs" line-rate="1" branch-rate="1" complexity="2">
          <methods>
            <method name=".ctor" signature="()" line-rate="1" branch-rate="1" complexity="1">
              <lines />
            </method>
            <method name=".ctor" signature="(System.String)" line-rate="1" branch-rate="1" complexity="NaN">
              <lines />
            </method>
            <method name=".cctor" signature="()" line-rate="1" branch-rate="1" complexity="1">
              <lines />
            </method>
          </methods>
          <lines />
        </class>
        <class name="Unity.DependencyResolutionAttribute" filename="C:\projects\unity\Abstractions\src\Attributes\Abstracts\DependencyResolutionAttribute.cs" line-rate="1" branch-rate="1" complexity="NaN">
          <methods>
            <method name="Name" signature="()" line-rate="1" branch-rate="1" complexity="NaN">
              <lines />
            </method>
            <method name=".ctor" signature="(System.String)" line-rate="1" branch-rate="1" complexity="NaN">
              <lines />
            </method>
          </methods>
          <lines />
        </class>
        <class name="Unity.Exceptions.CircularDependencyException" filename="C:\projects\unity\Abstractions\src\Exceptions\CircularDependencyException.cs" line-rate="1" branch-rate="1" complexity="NaN">
          <methods>
            <method name=".ctor" signature="(System.Type,System.String)" line-rate="1" branch-rate="1" complexity="NaN">
              <lines />
            </method>
          </methods>
          <lines />
        </class>
        <class name="Unity.FactoryLifetime" filename="C:\projects\unity\Abstractions\src\Extensions\Lifetime\FactoryLifetime.cs" line-rate="1" branch-rate="1" complexity="1">
          <methods>
            <method name="Singleton" signature="()" line-rate="1" branch-rate="1" complexity="NaN">
              <lines />
            </method>
            <method name="PerContainer" signature="()" line-rate="1" branch-rate="1" complexity="NaN">
              <lines />
            </method>
            <method name="Hierarchical" signature="()" line-rate="1" branch-rate="1" complexity="NaN">
              <lines />
            </method>
            <method name="Scoped" signature="()" line-rate="1" branch-rate="1" complexity="NaN">
              <lines />
            </method>
            <method name="PerResolve" signature="()" line-rate="1" branch-rate="1" complexity="NaN">
              <lines />
            </method>
            <method name="PerThread" signature="()" line-rate="1" branch-rate="1" complexity="NaN">
              <lines />
            </method>
            <method name="Transient" signature="()" line-rate="1" branch-rate="1" complexity="NaN">
              <lines />
            </method>
            <method name="PerContainerTransient" signature="()" line-rate="1" branch-rate="1" complexity="NaN">
              <lines />
            </method>
            <method name="External" signature="()" line-rate="1" branch-rate="1" complexity="NaN">
              <lines />
            </method>
            <method name=".cctor" signature="()" line-rate="1" branch-rate="1" complexity="1">
              <lines />
            </method>
          </methods>
          <lines />
        </class>
        <class name="Unity.Inject" filename="C:\projects\unity\Abstractions\src\Extensions\Injection\Inject.cs" line-rate="1" branch-rate="1" complexity="NaN">
          <methods>
            <method name="Array" signature="(System.Type,System.Object[])" line-rate="1" branch-rate="1" complexity="NaN">
              <lines />
            </method>
            <method name="Array" signature="(System.Object[])" line-rate="1" branch-rate="1" complexity="NaN">
              <lines />
            </method>
            <method name="Parameter" signature="(System.Object)" line-rate="1" branch-rate="1" complexity="NaN">
              <lines />
            </method>
            <method name="Parameter" signature="(System.Type,System.Object)" line-rate="1" branch-rate="1" complexity="NaN">
              <lines />
            </method>
            <method name="Parameter" signature="(System.Object)" line-rate="1" branch-rate="1" complexity="NaN">
              <lines />
            </method>
            <method name="Field" signature="(System.String,System.Object)" line-rate="1" branch-rate="1" complexity="NaN">
              <lines />
            </method>
            <method name="Property" signature="(System.String,System.Object)" line-rate="1" branch-rate="1" complexity="NaN">
              <lines />
            </method>
          </methods>
          <lines />
        </class>
        <class name="Unity.Injection.GenericBase" filename="C:\projects\unity\Abstractions\src\Dependency\Injection\Abstracts\GenericBase.cs" line-rate="1" branch-rate="1" complexity="NaN">
          <methods>
            <method name="ParameterTypeName" signature="()" line-rate="1" branch-rate="1" complexity="NaN">
              <lines />
            </method>
            <method name=".ctor" signature="(System.String)" line-rate="1" branch-rate="1" complexity="NaN">
              <lines />
            </method>
            <method name=".ctor" signature="(System.String,System.String)" line-rate="1" branch-rate="1" complexity="NaN">
              <lines />
            </method>
            <method name="Equals" signature="(System.Type)" line-rate="1" branch-rate="1" complexity="NaN">
              <lines />
            </method>
            <method name="GetResolver" signature="(System.Type)" line-rate="1" branch-rate="1" complexity="NaN">
              <lines />
            </method>
            <method name="GetResolver" signature="(System.Reflection.ParameterInfo)" line-rate="1" branch-rate="1" complexity="NaN">
              <lines />
            </method>
            <method name="GetResolver" signature="(System.Type,System.String)" line-rate="1" branch-rate="1" complexity="NaN">
              <lines />
            </method>
          </methods>
          <lines />
        </class>
        <class name="Unity.Injection.GenericParameter" filename="C:\projects\unity\Abstractions\src\Dependency\Injection\Parameters\GenericParameter.cs" line-rate="1" branch-rate="1" complexity="1">
          <methods>
            <method name=".ctor" signature="(System.String)" line-rate="1" branch-rate="1" complexity="NaN">
              <lines />
            </method>
            <method name=".ctor" signature="(System.String,System.String)" line-rate="1" branch-rate="1" complexity="NaN">
              <lines />
            </method>
            <method name="ToString" signature="()" line-rate="1" branch-rate="1" complexity="1">
              <lines />
            </method>
          </methods>
          <lines />
        </class>
        <class name="Unity.Injection.GenericResolvedArrayParameter" filename="C:\projects\unity\Abstractions\src\Dependency\Injection\Parameters\GenericResolvedArrayParameter.cs" line-rate="1" branch-rate="1" complexity="2">
          <methods>
            <method name="ParameterTypeName" signature="()" line-rate="1" branch-rate="1" complexity="NaN">
              <lines />
            </method>
            <method name=".ctor" signature="(System.String,System.Object[])" line-rate="1" branch-rate="1" complexity="NaN">
              <lines />
            </method>
            <method name="Equals" signature="(System.Type)" line-rate="1" branch-rate="1" complexity="NaN">
              <lines />
            </method>
            <method name="GetResolver" signature="(System.Type,System.String)" line-rate="1" branch-rate="1" complexity="NaN">
              <lines />
            </method>
            <method name="ToString" signature="()" line-rate="1" branch-rate="1" complexity="1">
              <lines />
            </method>
            <method name="DoResolve" signature="(TContext&amp;,System.Object[])" line-rate="1" branch-rate="1" complexity="NaN">
              <lines />
            </method>
            <method name=".cctor" signature="()" line-rate="1" branch-rate="1" complexity="1">
              <lines />
            </method>
          </methods>
          <lines />
        </class>
        <class name="Unity.Injection.InjectionConstructor" filename="C:\projects\unity\Abstractions\src\Dependency\Injection\Members\InjectionConstructor.cs" line-rate="1" branch-rate="1" complexity="NaN">
          <methods>
            <method name=".ctor" signature="(System.Object[])" line-rate="1" branch-rate="1" complexity="NaN">
              <lines />
            </method>
            <method name=".ctor" signature="(System.Reflection.ConstructorInfo,System.Object[])" line-rate="1" branch-rate="1" complexity="NaN">
              <lines />
            </method>
            <method name="SelectMember" signature="(System.Type,Unity.Injection.InjectionMember)" line-rate="1" branch-rate="1" complexity="NaN">
              <lines />
            </method>
            <method name="DeclaredMembers" signature="(System.Type)" line-rate="1" branch-rate="1" complexity="NaN">
              <lines />
            </method>
            <method name="ToString" signature="(System.Boolean)" line-rate="1" branch-rate="1" complexity="NaN">
              <lines />
            </method>
          </methods>
          <lines />
        </class>
        <class name="Unity.Injection.InjectionFactory" filename="C:\projects\unity\Abstractions\src\Dependency\Injection\Members\InjectionFactory.cs" line-rate="1" branch-rate="1" complexity="NaN">
          <methods>
            <method name=".ctor" signature="(System.Func`2&lt;Unity.IUnityContainer,System.Object&gt;)" line-rate="1" branch-rate="1" complexity="NaN">
              <lines />
            </method>
            <method name=".ctor" signature="(System.Func`4&lt;Unity.IUnityContainer,System.Type,System.String,System.Object&gt;)" line-rate="1" branch-rate="1" complexity="NaN">
              <lines />
            </method>
            <method name="AddPolicies" signature="(System.Type,System.Type,System.String,TPolicySet&amp;)" line-rate="1" branch-rate="1" complexity="NaN">
              <lines />
            </method>
            <method name="ToString" signature="(System.Boolean)" line-rate="1" branch-rate="1" complexity="NaN">
              <lines />
            </method>
            <method name=".ctor" signature="(System.Object)" line-rate="1" branch-rate="1" complexity="NaN">
              <lines />
            </method>
          </methods>
          <lines />
        </class>
        <class name="Unity.Injection.InjectionField" filename="C:\projects\unity\Abstractions\src\Dependency\Injection\Members\InjectionField.cs" line-rate="1" branch-rate="1" complexity="8">
          <methods>
            <method name="MemberType" signature="()" line-rate="1" branch-rate="1" complexity="NaN">
              <lines />
            </method>
            <method name=".ctor" signature="(System.String,Unity.ResolutionOption)" line-rate="1" branch-rate="1" complexity="NaN">
              <lines />
            </method>
            <method name=".ctor" signature="(System.String,System.Object)" line-rate="1" branch-rate="1" complexity="NaN">
              <lines />
            </method>
            <method name="DeclaredMember" signature="(System.Type,System.String)" line-rate="1" branch-rate="1" complexity="NaN">
              <lines />
            </method>
            <method name="ToString" signature="(System.Boolean)" line-rate="1" branch-rate="1" complexity="NaN">
              <lines />
            </method>
            <method name="DeclaredMembers" signature="()" line-rate="1" branch-rate="1" complexity="8">
              <lines />
            </method>
          </methods>
          <lines />
        </class>
        <class name="Unity.Injection.InjectionMatching" filename="C:\projects\unity\Abstractions\src\Dependency\Injection\Abstracts\InjectionMatching.cs" line-rate="1" branch-rate="1" complexity="NaN">
          <methods>
            <method name="MatchMemberInfo" signature="(System.Object[],System.Reflection.MethodBase)" line-rate="1" branch-rate="1" complexity="NaN">
              <lines />
            </method>
            <method name="Matches" signature="(System.Object,System.Type)" line-rate="1" branch-rate="1" complexity="NaN">
              <lines />
            </method>
            <method name="MatchesType" signature="(System.Type,System.Type)" line-rate="1" branch-rate="1" complexity="NaN">
              <lines />
            </method>
            <method name="MatchesObject" signature="(System.Object,System.Type)" line-rate="1" branch-rate="1" complexity="NaN">
              <lines />
            </method>
            <method name="Signature" signature="(System.Object[])" line-rate="1" branch-rate="1" complexity="NaN">
              <lines />
            </method>
            <method name="Signature" signature="(System.Reflection.MethodBase)" line-rate="1" branch-rate="1" complexity="NaN">
              <lines />
            </method>
          </methods>
          <lines />
        </class>
        <class name="Unity.Injection.InjectionMember" filename="C:\projects\unity\Abstractions\src\Dependency\Injection\Abstracts\InjectionMember.cs" line-rate="1" branch-rate="1" complexity="NaN">
          <methods>
            <method name="BuildRequired" signature="()" line-rate="1" branch-rate="1" complexity="NaN">
              <lines />
            </method>
            <method name="AddPolicies" signature="(System.Type,System.Type,System.String,TPolicySet&amp;)" line-rate="1" branch-rate="1" complexity="NaN">
              <lines />
            </method>
            <method name="ToString" signature="(System.Boolean)" line-rate="1" branch-rate="1" complexity="NaN">
              <lines />
            </method>
          </methods>
          <lines />
        </class>
        <class name="Unity.Injection.InjectionMember`2" filename="C:\projects\unity\Abstractions\src\Dependency\Injection\Abstracts\InjectionMember.cs" line-rate="1" branch-rate="1" complexity="3">
          <methods>
            <method name="Selection" signature="()" line-rate="1" branch-rate="1" complexity="NaN">
              <lines />
            </method>
            <method name="Selection" signature="(TMemberInfo)" line-rate="1" branch-rate="1" complexity="NaN">
              <lines />
            </method>
            <method name="Name" signature="()" line-rate="1" branch-rate="1" complexity="NaN">
              <lines />
            </method>
            <method name="Data" signature="()" line-rate="1" branch-rate="1" complexity="NaN">
              <lines />
            </method>
            <method name="IsInitialized" signature="()" line-rate="1" branch-rate="1" complexity="NaN">
              <lines />
            </method>
            <method name="BuildRequired" signature="()" line-rate="1" branch-rate="1" complexity="NaN">
              <lines />
            </method>
            <method name=".ctor" signature="(System.String,TData)" line-rate="1" branch-rate="1" complexity="NaN">
              <lines />
            </method>
            <method name=".ctor" signature="(TMemberInfo,TData)" line-rate="1" branch-rate="1" complexity="NaN">
              <lines />
            </method>
            <method name="Equals" signature="(TMemberInfo)" line-rate="1" branch-rate="1" complexity="NaN">
              <lines />
            </method>
            <method name="Equals" signature="(System.Object)" line-rate="1" branch-rate="1" complexity="NaN">
              <lines />
            </method>
            <method name="GetHashCode" signature="()" line-rate="1" branch-rate="1" complexity="2">
              <lines />
            </method>
            <method name="AddPolicies" signature="(System.Type,System.Type,System.String,TPolicySet&amp;)" line-rate="1" branch-rate="1" complexity="NaN">
              <lines />
            </method>
            <method name="ToString" signature="()" line-rate="1" branch-rate="1" complexity="1">
              <lines />
            </method>
            <method name="SelectMember" signature="(System.Type,Unity.Injection.InjectionMember)" line-rate="1" branch-rate="1" complexity="NaN">
              <lines />
            </method>
          </methods>
          <lines />
        </class>
        <class name="Unity.Injection.InjectionMethod" filename="C:\projects\unity\Abstractions\src\Dependency\Injection\Members\InjectionMethod.cs" line-rate="1" branch-rate="1" complexity="8">
          <methods>
            <method name=".ctor" signature="(System.String,System.Object[])" line-rate="1" branch-rate="1" complexity="NaN">
              <lines />
            </method>
            <method name="SelectMember" signature="(System.Type,Unity.Injection.InjectionMember)" line-rate="1" branch-rate="1" complexity="NaN">
              <lines />
            </method>
            <method name="ToString" signature="(System.Boolean)" line-rate="1" branch-rate="1" complexity="NaN">
              <lines />
            </method>
            <method name="DeclaredMembers" signature="()" line-rate="1" branch-rate="1" complexity="8">
              <lines />
            </method>
          </methods>
          <lines />
        </class>
        <class name="Unity.Injection.InjectionParameter" filename="C:\projects\unity\Abstractions\src\Dependency\Injection\Parameters\InjectionParameter.cs" line-rate="1" branch-rate="1" complexity="2">
          <methods>
            <method name=".ctor" signature="(System.Object)" line-rate="1" branch-rate="1" complexity="NaN">
              <lines />
            </method>
            <method name=".ctor" signature="(System.Type,System.Object)" line-rate="1" branch-rate="1" complexity="NaN">
              <lines />
            </method>
            <method name="Resolve" signature="(TContext&amp;)" line-rate="1" branch-rate="1" complexity="NaN">
              <lines />
            </method>
            <method name="ToString" signature="()" line-rate="1" branch-rate="1" complexity="2">
              <lines />
            </method>
          </methods>
          <lines />
        </class>
        <class name="Unity.Injection.InjectionParameter`1" filename="C:\projects\unity\Abstractions\src\Dependency\Injection\Parameters\InjectionParameter.cs" line-rate="1" branch-rate="1" complexity="NaN">
          <methods>
            <method name=".ctor" signature="(TParameter)" line-rate="1" branch-rate="1" complexity="NaN">
              <lines />
            </method>
          </methods>
          <lines />
        </class>
        <class name="Unity.Injection.InjectionProperty" filename="C:\projects\unity\Abstractions\src\Dependency\Injection\Members\InjectionProperty.cs" line-rate="1" branch-rate="1" complexity="8">
          <methods>
            <method name="MemberType" signature="()" line-rate="1" branch-rate="1" complexity="NaN">
              <lines />
            </method>
            <method name=".ctor" signature="(System.String,Unity.ResolutionOption)" line-rate="1" branch-rate="1" complexity="NaN">
              <lines />
            </method>
            <method name=".ctor" signature="(System.String,System.Object)" line-rate="1" branch-rate="1" complexity="NaN">
              <lines />
            </method>
            <method name="DeclaredMember" signature="(System.Type,System.String)" line-rate="1" branch-rate="1" complexity="NaN">
              <lines />
            </method>
            <method name="ToString" signature="(System.Boolean)" line-rate="1" branch-rate="1" complexity="NaN">
              <lines />
            </method>
            <method name="DeclaredMembers" signature="()" line-rate="1" branch-rate="1" complexity="8">
              <lines />
            </method>
          </methods>
          <lines />
        </class>
        <class name="Unity.Injection.MemberInfoBase`1" filename="C:\projects\unity\Abstractions\src\Dependency\Injection\Abstracts\MemberInfoBase.cs" line-rate="1" branch-rate="1" complexity="NaN">
          <methods>
            <method name=".ctor" signature="(System.String,System.Object)" line-rate="1" branch-rate="1" complexity="NaN">
              <lines />
            </method>
            <method name="MemberInfo" signature="(System.Type)" line-rate="1" branch-rate="1" complexity="NaN">
              <lines />
            </method>
            <method name="SelectMember" signature="(System.Type,Unity.Injection.InjectionMember)" line-rate="1" branch-rate="1" complexity="NaN">
              <lines />
            </method>
            <method name="ToString" signature="(System.Boolean)" line-rate="1" branch-rate="1" complexity="NaN">
              <lines />
            </method>
          </methods>
          <lines />
        </class>
        <class name="Unity.Injection.MethodBase`1" filename="C:\projects\unity\Abstractions\src\Dependency\Injection\Abstracts\MethodBase.cs" line-rate="1" branch-rate="1" complexity="NaN">
          <methods>
            <method name=".ctor" signature="(System.String,System.Object[])" line-rate="1" branch-rate="1" complexity="NaN">
              <lines />
            </method>
            <method name=".ctor" signature="(TMemberInfo,System.Object[])" line-rate="1" branch-rate="1" complexity="NaN">
              <lines />
            </method>
            <method name="MemberInfo" signature="(System.Type)" line-rate="1" branch-rate="1" complexity="NaN">
              <lines />
            </method>
          </methods>
          <lines />
        </class>
        <class name="Unity.Injection.OptionalGenericParameter" filename="C:\projects\unity\Abstractions\src\Dependency\Injection\Parameters\OptionalGenericParameter.cs" line-rate="1" branch-rate="1" complexity="1">
          <methods>
            <method name=".ctor" signature="(System.String)" line-rate="1" branch-rate="1" complexity="NaN">
              <lines />
            </method>
            <method name=".ctor" signature="(System.String,System.String)" line-rate="1" branch-rate="1" complexity="NaN">
              <lines />
            </method>
            <method name="GetResolver" signature="(System.Type,System.String)" line-rate="1" branch-rate="1" complexity="NaN">
              <lines />
            </method>
            <method name="ToString" signature="()" line-rate="1" branch-rate="1" complexity="1">
              <lines />
            </method>
          </methods>
          <lines />
        </class>
        <class name="Unity.Injection.OptionalParameter" filename="C:\projects\unity\Abstractions\src\Dependency\Injection\Parameters\OptionalParameter.cs" line-rate="1" branch-rate="1" complexity="6">
          <methods>
            <method name=".ctor" signature="()" line-rate="1" branch-rate="1" complexity="1">
              <lines />
            </method>
            <method name=".ctor" signature="(System.Type)" line-rate="1" branch-rate="1" complexity="NaN">
              <lines />
            </method>
            <method name=".ctor" signature="(System.String)" line-rate="1" branch-rate="1" complexity="NaN">
              <lines />
            </method>
            <method name=".ctor" signature="(System.Type,System.String)" line-rate="1" branch-rate="1" complexity="NaN">
              <lines />
            </method>
            <method name="GetResolver" signature="(System.Type)" line-rate="1" branch-rate="1" complexity="NaN">
              <lines />
            </method>
            <method name="GetResolver" signature="(System.Reflection.ParameterInfo)" line-rate="1" branch-rate="1" complexity="NaN">
              <lines />
            </method>
            <method name="ToString" signature="()" line-rate="1" branch-rate="1" complexity="5">
              <lines />
            </method>
          </methods>
          <lines />
        </class>
        <class name="Unity.Injection.OptionalParameter`1" filename="C:\projects\unity\Abstractions\src\Dependency\Injection\Parameters\OptionalParameter.cs" line-rate="1" branch-rate="1" complexity="1">
          <methods>
            <method name=".ctor" signature="()" line-rate="1" branch-rate="1" complexity="1">
              <lines />
            </method>
            <method name=".ctor" signature="(System.String)" line-rate="1" branch-rate="1" complexity="NaN">
              <lines />
            </method>
          </methods>
          <lines />
        </class>
        <class name="Unity.Injection.ParameterBase" filename="C:\projects\unity\Abstractions\src\Dependency\Injection\Abstracts\ParameterBase.cs" line-rate="1" branch-rate="1" complexity="NaN">
          <methods>
            <method name="ParameterType" signature="()" line-rate="1" branch-rate="1" complexity="NaN">
              <lines />
            </method>
            <method name=".ctor" signature="(System.Type)" line-rate="1" branch-rate="1" complexity="NaN">
              <lines />
            </method>
            <method name="Equals" signature="(System.Type)" line-rate="1" branch-rate="1" complexity="NaN">
              <lines />
            </method>
          </methods>
          <lines />
        </class>
        <class name="Unity.Injection.ResolvedArrayParameter" filename="C:\projects\unity\Abstractions\src\Dependency\Injection\Parameters\ResolvedArrayParameter.cs" line-rate="1" branch-rate="1" complexity="2">
          <methods>
            <method name=".ctor" signature="(System.Type,System.Object[])" line-rate="1" branch-rate="1" complexity="NaN">
              <lines />
            </method>
            <method name=".ctor" signature="(System.Type,System.Type,System.Object[])" line-rate="1" branch-rate="1" complexity="NaN">
              <lines />
            </method>
            <method name="GetResolver" signature="(System.Type)" line-rate="1" branch-rate="1" complexity="NaN">
              <lines />
            </method>
            <method name="GetResolver" signature="(System.Reflection.ParameterInfo)" line-rate="1" branch-rate="1" complexity="NaN">
              <lines />
            </method>
            <method name="ToString" signature="()" line-rate="1" branch-rate="1" complexity="1">
              <lines />
            </method>
            <method name=".cctor" signature="()" line-rate="1" branch-rate="1" complexity="1">
              <lines />
            </method>
          </methods>
          <lines />
        </class>
        <class name="Unity.Injection.ResolvedArrayParameter`1" filename="C:\projects\unity\Abstractions\src\Dependency\Injection\Parameters\ResolvedArrayParameter.cs" line-rate="1" branch-rate="1" complexity="NaN">
          <methods>
            <method name=".ctor" signature="(System.Object[])" line-rate="1" branch-rate="1" complexity="NaN">
              <lines />
            </method>
          </methods>
          <lines />
        </class>
        <class name="Unity.Injection.ResolvedParameter" filename="C:\projects\unity\Abstractions\src\Dependency\Injection\Parameters\ResolvedParameter.cs" line-rate="1" branch-rate="1" complexity="6">
          <methods>
            <method name=".ctor" signature="()" line-rate="1" branch-rate="1" complexity="1">
              <lines />
            </method>
            <method name=".ctor" signature="(System.Type)" line-rate="1" branch-rate="1" complexity="NaN">
              <lines />
            </method>
            <method name=".ctor" signature="(System.String)" line-rate="1" branch-rate="1" complexity="NaN">
              <lines />
            </method>
            <method name=".ctor" signature="(System.Type,System.String)" line-rate="1" branch-rate="1" complexity="NaN">
              <lines />
            </method>
            <method name="GetResolver" signature="(System.Type)" line-rate="1" branch-rate="1" complexity="NaN">
              <lines />
            </method>
            <method name="GetResolver" signature="(System.Reflection.ParameterInfo)" line-rate="1" branch-rate="1" complexity="NaN">
              <lines />
            </method>
            <method name="ToString" signature="()" line-rate="1" branch-rate="1" complexity="5">
              <lines />
            </method>
          </methods>
          <lines />
        </class>
        <class name="Unity.Injection.ResolvedParameter`1" filename="C:\projects\unity\Abstractions\src\Dependency\Injection\Parameters\ResolvedParameter.cs" line-rate="1" branch-rate="1" complexity="1">
          <methods>
            <method name=".ctor" signature="()" line-rate="1" branch-rate="1" complexity="1">
              <lines />
            </method>
            <method name=".ctor" signature="(System.String)" line-rate="1" branch-rate="1" complexity="NaN">
              <lines />
            </method>
          </methods>
          <lines />
        </class>
        <class name="Unity.InstanceLifetime" filename="C:\projects\unity\Abstractions\src\Extensions\Lifetime\InstanceLifetime.cs" line-rate="1" branch-rate="1" complexity="NaN">
          <methods>
            <method name="External" signature="()" line-rate="1" branch-rate="1" complexity="NaN">
              <lines />
            </method>
            <method name="Singleton" signature="()" line-rate="1" branch-rate="1" complexity="NaN">
              <lines />
            </method>
            <method name="PerContainer" signature="()" line-rate="1" branch-rate="1" complexity="NaN">
              <lines />
            </method>
          </methods>
          <lines />
        </class>
        <class name="Unity.Invoke" filename="C:\projects\unity\Abstractions\src\Extensions\Injection\Invoke.cs" line-rate="1" branch-rate="1" complexity="2">
          <methods>
            <method name="Ctor" signature="()" line-rate="1" branch-rate="1" complexity="1">
              <lines />
            </method>
            <method name="Ctor" signature="(System.Object[])" line-rate="1" branch-rate="1" complexity="NaN">
              <lines />
            </method>
            <method name="Ctor" signature="(System.Type[])" line-rate="1" branch-rate="1" complexity="NaN">
              <lines />
            </method>
            <method name="Ctor" signature="(System.Reflection.ConstructorInfo,System.Object[])" line-rate="1" branch-rate="1" complexity="NaN">
              <lines />
            </method>
            <method name="Constructor" signature="()" line-rate="1" branch-rate="1" complexity="1">
              <lines />
            </method>
            <method name="Constructor" signature="(System.Object[])" line-rate="1" branch-rate="1" complexity="NaN">
              <lines />
            </method>
            <method name="Constructor" signature="(System.Type[])" line-rate="1" branch-rate="1" complexity="NaN">
              <lines />
            </method>
            <method name="Constructor" signature="(System.Reflection.ConstructorInfo,System.Object[])" line-rate="1" branch-rate="1" complexity="NaN">
              <lines />
            </method>
            <method name="Method" signature="(System.String,System.Object[])" line-rate="1" branch-rate="1" complexity="NaN">
              <lines />
            </method>
          </methods>
          <lines />
        </class>
        <class name="Unity.Lifetime.ContainerControlledLifetimeManager" filename="C:\projects\unity\Abstractions\src\Lifetime\Managers\ContainerControlledLifetimeManager.cs" line-rate="1" branch-rate="1" complexity="3">
          <methods>
            <method name="Scope" signature="()" line-rate="1" branch-rate="1" complexity="NaN">
              <lines />
            </method>
            <method name="Scope" signature="(System.Object)" line-rate="1" branch-rate="1" complexity="NaN">
              <lines />
            </method>
            <method name=".ctor" signature="()" line-rate="1" branch-rate="1" complexity="1">
              <lines />
            </method>
            <method name="GetValue" signature="(Unity.Lifetime.ILifetimeContainer)" line-rate="1" branch-rate="1" complexity="NaN">
              <lines />
            </method>
            <method name="SetValue" signature="(System.Object,Unity.Lifetime.ILifetimeContainer)" line-rate="1" branch-rate="1" complexity="NaN">
              <lines />
            </method>
            <method name="SynchronizedGetValue" signature="(Unity.Lifetime.ILifetimeContainer)" line-rate="1" branch-rate="1" complexity="NaN">
              <lines />
            </method>
            <method name="SynchronizedSetValue" signature="(System.Object,Unity.Lifetime.ILifetimeContainer)" line-rate="1" branch-rate="1" complexity="NaN">
              <lines />
            </method>
            <method name="RemoveValue" signature="(Unity.Lifetime.ILifetimeContainer)" line-rate="1" branch-rate="1" complexity="NaN">
              <lines />
            </method>
            <method name="OnCreateLifetimeManager" signature="()" line-rate="1" branch-rate="1" complexity="1">
              <lines />
            </method>
            <method name="Dispose" signature="(System.Boolean)" line-rate="1" branch-rate="1" complexity="NaN">
              <lines />
            </method>
            <method name="ToString" signature="()" line-rate="1" branch-rate="1" complexity="1">
              <lines />
            </method>
          </methods>
          <lines />
        </class>
        <class name="Unity.Lifetime.ContainerControlledTransientManager" filename="C:\projects\unity\Abstractions\src\Lifetime\Managers\ContainerControlledTransientManager.cs" line-rate="1" branch-rate="1" complexity="2">
          <methods>
            <method name="InUse" signature="()" line-rate="1" branch-rate="1" complexity="NaN">
              <lines />
            </method>
            <method name="InUse" signature="(System.Boolean)" line-rate="1" branch-rate="1" complexity="NaN">
              <lines />
            </method>
            <method name="SetValue" signature="(System.Object,Unity.Lifetime.ILifetimeContainer)" line-rate="1" branch-rate="1" complexity="NaN">
              <lines />
            </method>
            <method name="OnCreateLifetimeManager" signature="()" line-rate="1" branch-rate="1" complexity="1">
              <lines />
            </method>
            <method name="ToString" signature="()" line-rate="1" branch-rate="1" complexity="1">
              <lines />
            </method>
          </methods>
          <lines />
        </class>
        <class name="Unity.Lifetime.ExternallyControlledLifetimeManager" filename="C:\projects\unity\Abstractions\src\Lifetime\Managers\ExternallyControlledLifetimeManager.cs" line-rate="1" branch-rate="1" complexity="2">
          <methods>
            <method name="SynchronizedGetValue" signature="(Unity.Lifetime.ILifetimeContainer)" line-rate="1" branch-rate="1" complexity="NaN">
              <lines />
            </method>
            <method name="SynchronizedSetValue" signature="(System.Object,Unity.Lifetime.ILifetimeContainer)" line-rate="1" branch-rate="1" complexity="NaN">
              <lines />
            </method>
            <method name="RemoveValue" signature="(Unity.Lifetime.ILifetimeContainer)" line-rate="1" branch-rate="1" complexity="NaN">
              <lines />
            </method>
            <method name="OnCreateLifetimeManager" signature="()" line-rate="1" branch-rate="1" complexity="1">
              <lines />
            </method>
            <method name="ToString" signature="()" line-rate="1" branch-rate="1" complexity="1">
              <lines />
            </method>
          </methods>
          <lines />
        </class>
        <class name="Unity.Lifetime.HierarchicalLifetimeManager" filename="C:\projects\unity\Abstractions\src\Lifetime\Managers\HierarchicalLifetimeManager.cs" line-rate="1" branch-rate="1" complexity="4">
          <methods>
            <method name="SynchronizedGetValue" signature="(Unity.Lifetime.ILifetimeContainer)" line-rate="1" branch-rate="1" complexity="NaN">
              <lines />
            </method>
            <method name="SynchronizedSetValue" signature="(System.Object,Unity.Lifetime.ILifetimeContainer)" line-rate="1" branch-rate="1" complexity="NaN">
              <lines />
            </method>
            <method name="RemoveValue" signature="(Unity.Lifetime.ILifetimeContainer)" line-rate="1" branch-rate="1" complexity="NaN">
              <lines />
            </method>
            <method name="OnCreateLifetimeManager" signature="()" line-rate="1" branch-rate="1" complexity="1">
              <lines />
            </method>
            <method name="ToString" signature="()" line-rate="1" branch-rate="1" complexity="1">
              <lines />
            </method>
            <method name="Dispose" signature="(System.Boolean)" line-rate="1" branch-rate="1" complexity="NaN">
              <lines />
            </method>
            <method name=".ctor" signature="()" line-rate="1" branch-rate="1" complexity="1">
              <lines />
            </method>
            <method name=".ctor" signature="(System.Action)" line-rate="1" branch-rate="1" complexity="NaN">
              <lines />
            </method>
            <method name="Dispose" signature="()" line-rate="1" branch-rate="1" complexity="1">
              <lines />
            </method>
          </methods>
          <lines />
        </class>
        <class name="Unity.Lifetime.LifetimeManager" filename="C:\projects\unity\Abstractions\src\Lifetime\Abstracts\LifetimeManager.cs" line-rate="1" branch-rate="1" complexity="4">
          <methods>
            <method name="InUse" signature="()" line-rate="1" branch-rate="1" complexity="NaN">
              <lines />
            </method>
            <method name="InUse" signature="(System.Boolean)" line-rate="1" branch-rate="1" complexity="NaN">
              <lines />
            </method>
            <method name="TryGet" signature="()" line-rate="1" branch-rate="1" complexity="NaN">
              <lines />
            </method>
            <method name="TryGet" signature="(System.Func`2&lt;Unity.Lifetime.ILifetimeContainer,System.Object&gt;)" line-rate="1" branch-rate="1" complexity="NaN">
              <lines />
            </method>
            <method name="Get" signature="()" line-rate="1" branch-rate="1" complexity="NaN">
              <lines />
            </method>
            <method name="Get" signature="(System.Func`2&lt;Unity.Lifetime.ILifetimeContainer,System.Object&gt;)" line-rate="1" branch-rate="1" complexity="NaN">
              <lines />
            </method>
            <method name="Set" signature="()" line-rate="1" branch-rate="1" complexity="NaN">
              <lines />
            </method>
            <method name="Set" signature="(System.Action`2&lt;System.Object,Unity.Lifetime.ILifetimeContainer&gt;)" line-rate="1" branch-rate="1" complexity="NaN">
              <lines />
            </method>
            <method name=".ctor" signature="()" line-rate="1" branch-rate="1" complexity="1">
              <lines />
            </method>
            <method name="TryGetValue" signature="(Unity.Lifetime.ILifetimeContainer)" line-rate="1" branch-rate="1" complexity="NaN">
              <lines />
            </method>
            <method name="GetValue" signature="(Unity.Lifetime.ILifetimeContainer)" line-rate="1" branch-rate="1" complexity="NaN">
              <lines />
            </method>
            <method name="SetValue" signature="(System.Object,Unity.Lifetime.ILifetimeContainer)" line-rate="1" branch-rate="1" complexity="NaN">
              <lines />
            </method>
            <method name="RemoveValue" signature="(Unity.Lifetime.ILifetimeContainer)" line-rate="1" branch-rate="1" complexity="NaN">
              <lines />
            </method>
            <method name="CreateLifetimePolicy" signature="()" line-rate="1" branch-rate="1" complexity="1">
              <lines />
            </method>
            <method name="Pipeline" signature="(TContext&amp;)" line-rate="1" branch-rate="1" complexity="NaN">
              <lines />
            </method>
            <method name=".cctor" signature="()" line-rate="1" branch-rate="1" complexity="1">
              <lines />
            </method>
            <method name="Equals" signature="(System.Object)" line-rate="1" branch-rate="1" complexity="NaN">
              <lines />
            </method>
            <method name="GetHashCode" signature="()" line-rate="1" branch-rate="1" complexity="1">
              <lines />
            </method>
          </methods>
          <lines />
        </class>
        <class name="Unity.Lifetime.PerResolveLifetimeManager" filename="C:\projects\unity\Abstractions\src\Lifetime\Managers\PerResolveLifetimeManager.cs" line-rate="1" branch-rate="1" complexity="3">
          <methods>
            <method name="GetValue" signature="(Unity.Lifetime.ILifetimeContainer)" line-rate="1" branch-rate="1" complexity="NaN">
              <lines />
            </method>
            <method name="OnCreateLifetimeManager" signature="()" line-rate="1" branch-rate="1" complexity="1">
              <lines />
            </method>
            <method name="ToString" signature="()" line-rate="1" branch-rate="1" complexity="1">
              <lines />
            </method>
            <method name=".ctor" signature="()" line-rate="1" branch-rate="1" complexity="1">
              <lines />
            </method>
          </methods>
          <lines />
        </class>
        <class name="Unity.Lifetime.PerThreadLifetimeManager" filename="C:\projects\unity\Abstractions\src\Lifetime\Managers\PerThreadLifetimeManager.cs" line-rate="1" branch-rate="1" complexity="3">
          <methods>
            <method name="GetValue" signature="(Unity.Lifetime.ILifetimeContainer)" line-rate="1" branch-rate="1" complexity="NaN">
              <lines />
            </method>
            <method name="SetValue" signature="(System.Object,Unity.Lifetime.ILifetimeContainer)" line-rate="1" branch-rate="1" complexity="NaN">
              <lines />
            </method>
            <method name="OnCreateLifetimeManager" signature="()" line-rate="1" branch-rate="1" complexity="1">
              <lines />
            </method>
            <method name="ToString" signature="()" line-rate="1" branch-rate="1" complexity="1">
              <lines />
            </method>
            <method name=".ctor" signature="()" line-rate="1" branch-rate="1" complexity="1">
              <lines />
            </method>
          </methods>
          <lines />
        </class>
        <class name="Unity.Lifetime.SingletonLifetimeManager" filename="C:\projects\unity\Abstractions\src\Lifetime\Managers\SingletonLifetimeManager.cs" line-rate="1" branch-rate="1" complexity="2">
          <methods>
            <method name="OnCreateLifetimeManager" signature="()" line-rate="1" branch-rate="1" complexity="1">
              <lines />
            </method>
            <method name="ToString" signature="()" line-rate="1" branch-rate="1" complexity="1">
              <lines />
            </method>
          </methods>
          <lines />
        </class>
        <class name="Unity.Lifetime.SynchronizedLifetimeManager" filename="C:\projects\unity\Abstractions\src\Lifetime\Abstracts\SynchronizedLifetimeManager.cs" line-rate="1" branch-rate="1" complexity="6">
          <methods>
            <method name="TryGetValue" signature="(Unity.Lifetime.ILifetimeContainer)" line-rate="1" branch-rate="1" complexity="NaN">
              <lines />
            </method>
            <method name="GetValue" signature="(Unity.Lifetime.ILifetimeContainer)" line-rate="1" branch-rate="1" complexity="NaN">
              <lines />
            </method>
            <method name="SetValue" signature="(System.Object,Unity.Lifetime.ILifetimeContainer)" line-rate="1" branch-rate="1" complexity="NaN">
              <lines />
            </method>
            <method name="Recover" signature="()" line-rate="1" branch-rate="1" complexity="1">
              <lines />
            </method>
            <method name="TryExit" signature="()" line-rate="1" branch-rate="1" complexity="2">
              <lines />
            </method>
            <method name="Dispose" signature="()" line-rate="1" branch-rate="1" complexity="1">
              <lines />
            </method>
            <method name="Dispose" signature="(System.Boolean)" line-rate="1" branch-rate="1" complexity="NaN">
              <lines />
            </method>
            <method name=".ctor" signature="()" line-rate="1" branch-rate="1" complexity="1">
              <lines />
            </method>
            <method name=".cctor" signature="()" line-rate="1" branch-rate="1" complexity="1">
              <lines />
            </method>
          </methods>
          <lines />
        </class>
        <class name="Unity.Lifetime.TransientLifetimeManager" filename="C:\projects\unity\Abstractions\src\Lifetime\Managers\TransientLifetimeManager.cs" line-rate="1" branch-rate="1" complexity="3">
          <methods>
            <method name="InUse" signature="()" line-rate="1" branch-rate="1" complexity="NaN">
              <lines />
            </method>
            <method name="InUse" signature="(System.Boolean)" line-rate="1" branch-rate="1" complexity="NaN">
              <lines />
            </method>
            <method name="OnCreateLifetimeManager" signature="()" line-rate="1" branch-rate="1" complexity="1">
              <lines />
            </method>
            <method name="ToString" signature="()" line-rate="1" branch-rate="1" complexity="1">
              <lines />
            </method>
            <method name=".cctor" signature="()" line-rate="1" branch-rate="1" complexity="1">
              <lines />
            </method>
          </methods>
          <lines />
        </class>
        <class name="Unity.OptionalDependencyAttribute" filename="C:\projects\unity\Abstractions\src\Attributes\Annotation\OptionalDependencyAttribute.cs" line-rate="1" branch-rate="1" complexity="2">
          <methods>
            <method name=".ctor" signature="()" line-rate="1" branch-rate="1" complexity="1">
              <lines />
            </method>
            <method name=".ctor" signature="(System.String)" line-rate="1" branch-rate="1" complexity="NaN">
              <lines />
            </method>
            <method name=".cctor" signature="()" line-rate="1" branch-rate="1" complexity="1">
              <lines />
            </method>
          </methods>
          <lines />
        </class>
        <class name="Unity.Override" filename="C:\projects\unity\Abstractions\src\Extensions\Injection\Override.cs" line-rate="1" branch-rate="1" complexity="NaN">
          <methods>
            <method name="Property" signature="(System.String,System.Object)" line-rate="1" branch-rate="1" complexity="NaN">
              <lines />
            </method>
            <method name="Field" signature="(System.String,System.Object)" line-rate="1" branch-rate="1" complexity="NaN">
              <lines />
            </method>
            <method name="Parameter" signature="(System.Object)" line-rate="1" branch-rate="1" complexity="NaN">
              <lines />
            </method>
            <method name="Parameter" signature="(System.String,System.Object)" line-rate="1" branch-rate="1" complexity="NaN">
              <lines />
            </method>
            <method name="Parameter" signature="(System.Type,System.Object)" line-rate="1" branch-rate="1" complexity="NaN">
              <lines />
            </method>
            <method name="Parameter" signature="(System.Type,System.String,System.Object)" line-rate="1" branch-rate="1" complexity="NaN">
              <lines />
            </method>
            <method name="Parameter" signature="(System.Object)" line-rate="1" branch-rate="1" complexity="NaN">
              <lines />
            </method>
            <method name="Parameter" signature="(System.String,System.Object)" line-rate="1" branch-rate="1" complexity="NaN">
              <lines />
            </method>
            <method name="Dependency" signature="(System.Object)" line-rate="1" branch-rate="1" complexity="NaN">
              <lines />
            </method>
            <method name="Dependency" signature="(System.String,System.Object)" line-rate="1" branch-rate="1" complexity="NaN">
              <lines />
            </method>
            <method name="Dependency" signature="(System.Type,System.Object)" line-rate="1" branch-rate="1" complexity="NaN">
              <lines />
            </method>
            <method name="Dependency" signature="(System.Type,System.String,System.Object)" line-rate="1" branch-rate="1" complexity="NaN">
              <lines />
            </method>
            <method name="Dependency" signature="(System.Object)" line-rate="1" branch-rate="1" complexity="NaN">
              <lines />
            </method>
            <method name="Dependency" signature="(System.String,System.Object)" line-rate="1" branch-rate="1" complexity="NaN">
              <lines />
            </method>
          </methods>
          <lines />
        </class>
        <class name="Unity.Policy.PolicySetExtensions" filename="C:\projects\unity\Abstractions\src\Policy\IPolicySet.cs" line-rate="1" branch-rate="1" complexity="NaN">
          <methods>
            <method name="Get" signature="(Unity.Policy.IPolicySet)" line-rate="1" branch-rate="1" complexity="NaN">
              <lines />
            </method>
            <method name="Set" signature="(Unity.Policy.IPolicySet,System.Object)" line-rate="1" branch-rate="1" complexity="NaN">
              <lines />
            </method>
          </methods>
          <lines />
        </class>
        <class name="Unity.Resolution.DependencyOverride" filename="C:\projects\unity\Abstractions\src\Dependency\Resolution\Overrides\DependencyOverride.cs" line-rate="1" branch-rate="1" complexity="1">
          <methods>
            <method name=".ctor" signature="(System.Type,System.Object)" line-rate="1" branch-rate="1" complexity="NaN">
              <lines />
            </method>
            <method name=".ctor" signature="(System.String,System.Object)" line-rate="1" branch-rate="1" complexity="NaN">
              <lines />
            </method>
            <method name=".ctor" signature="(System.Type,System.String,System.Object)" line-rate="1" branch-rate="1" complexity="NaN">
              <lines />
            </method>
            <method name=".ctor" signature="(System.Type,System.Type,System.String,System.Object)" line-rate="1" branch-rate="1" complexity="NaN">
              <lines />
            </method>
            <method name="GetHashCode" signature="()" line-rate="1" branch-rate="1" complexity="1">
              <lines />
            </method>
            <method name="Equals" signature="(System.Object)" line-rate="1" branch-rate="1" complexity="NaN">
              <lines />
            </method>
            <method name="Equals" signature="(Unity.Resolution.NamedType)" line-rate="1" branch-rate="1" complexity="NaN">
              <lines />
            </method>
            <method name="Resolve" signature="(TContext&amp;)" line-rate="1" branch-rate="1" complexity="NaN">
              <lines />
            </method>
          </methods>
          <lines />
        </class>
        <class name="Unity.Resolution.DependencyOverride`1" filename="C:\projects\unity\Abstractions\src\Dependency\Resolution\Overrides\DependencyOverride.cs" line-rate="1" branch-rate="1" complexity="NaN">
          <methods>
            <method name=".ctor" signature="(System.Object)" line-rate="1" branch-rate="1" complexity="NaN">
              <lines />
            </method>
          </methods>
          <lines />
        </class>
        <class name="Unity.Resolution.FieldOverride" filename="C:\projects\unity\Abstractions\src\Dependency\Resolution\Overrides\FieldOverride.cs" line-rate="1" branch-rate="1" complexity="1">
          <methods>
            <method name=".ctor" signature="(System.String,System.Object)" line-rate="1" branch-rate="1" complexity="NaN">
              <lines />
            </method>
            <method name="GetHashCode" signature="()" line-rate="1" branch-rate="1" complexity="1">
              <lines />
            </method>
            <method name="Equals" signature="(System.Object)" line-rate="1" branch-rate="1" complexity="NaN">
              <lines />
            </method>
            <method name="Equals" signature="(System.Reflection.FieldInfo)" line-rate="1" branch-rate="1" complexity="NaN">
              <lines />
            </method>
            <method name="Resolve" signature="(TContext&amp;)" line-rate="1" branch-rate="1" complexity="NaN">
              <lines />
            </method>
          </methods>
          <lines />
        </class>
        <class name="Unity.Resolution.IResolveContextExpression`1" filename="C:\projects\unity\Abstractions\src\Resolution\IResolveContextExpression.cs" line-rate="1" branch-rate="1" complexity="1">
          <methods>
            <method name=".cctor" signature="()" line-rate="1" branch-rate="1" complexity="1">
              <lines />
            </method>
          </methods>
          <lines />
        </class>
        <class name="Unity.Resolution.NamedType" filename="C:\projects\unity\Abstractions\src\Resolution\NamedType.cs" line-rate="1" branch-rate="1" complexity="4">
          <methods>
            <method name="GetHashCode" signature="()" line-rate="1" branch-rate="1" complexity="1">
              <lines />
            </method>
            <method name="GetHashCode" signature="(System.Type,System.String)" line-rate="1" branch-rate="1" complexity="NaN">
              <lines />
            </method>
            <method name="GetHashCode" signature="(System.Int32,System.Int32)" line-rate="1" branch-rate="1" complexity="NaN">
              <lines />
            </method>
            <method name="Equals" signature="(System.Object)" line-rate="1" branch-rate="1" complexity="NaN">
              <lines />
            </method>
            <method name="op_Equality" signature="(Unity.Resolution.NamedType,Unity.Resolution.NamedType)" line-rate="1" branch-rate="1" complexity="NaN">
              <lines />
            </method>
            <method name="op_Inequality" signature="(Unity.Resolution.NamedType,Unity.Resolution.NamedType)" line-rate="1" branch-rate="1" complexity="NaN">
              <lines />
            </method>
            <method name="ToString" signature="()" line-rate="1" branch-rate="1" complexity="3">
              <lines />
            </method>
          </methods>
          <lines />
        </class>
        <class name="Unity.Resolution.ParameterOverride" filename="C:\projects\unity\Abstractions\src\Dependency\Resolution\Overrides\ParameterOverride.cs" line-rate="1" branch-rate="1" complexity="1">
          <methods>
            <method name=".ctor" signature="(System.String,System.Object)" line-rate="1" branch-rate="1" complexity="NaN">
              <lines />
            </method>
            <method name=".ctor" signature="(System.Type,System.Object)" line-rate="1" branch-rate="1" complexity="NaN">
              <lines />
            </method>
            <method name=".ctor" signature="(System.Type,System.String,System.Object)" line-rate="1" branch-rate="1" complexity="NaN">
              <lines />
            </method>
            <method name="GetHashCode" signature="()" line-rate="1" branch-rate="1" complexity="1">
              <lines />
            </method>
            <method name="Equals" signature="(System.Object)" line-rate="1" branch-rate="1" complexity="NaN">
              <lines />
            </method>
            <method name="Equals" signature="(System.Reflection.ParameterInfo)" line-rate="1" branch-rate="1" complexity="NaN">
              <lines />
            </method>
            <method name="Resolve" signature="(TContext&amp;)" line-rate="1" branch-rate="1" complexity="NaN">
              <lines />
            </method>
          </methods>
          <lines />
        </class>
        <class name="Unity.Resolution.ParameterOverrides" filename="C:\projects\unity\Abstractions\src\Dependency\Resolution\Collections\ParameterOverrides.cs" line-rate="1" branch-rate="1" complexity="7">
          <methods>
            <method name="Add" signature="(System.String,System.Object)" line-rate="1" branch-rate="1" complexity="NaN">
              <lines />
            </method>
            <method name="OnType" signature="()" line-rate="1" branch-rate="1" complexity="2">
              <lines />
            </method>
            <method name="OnType" signature="(System.Type)" line-rate="1" branch-rate="1" complexity="NaN">
              <lines />
            </method>
            <method name=".ctor" signature="()" line-rate="1" branch-rate="1" complexity="1">
              <lines />
            </method>
            <method name="GetEnumerator" signature="()" line-rate="1" branch-rate="1" complexity="4">
              <lines />
            </method>
          </methods>
          <lines />
        </class>
        <class name="Unity.Resolution.PropertyOverride" filename="C:\projects\unity\Abstractions\src\Dependency\Resolution\Overrides\PropertyOverride.cs" line-rate="1" branch-rate="1" complexity="1">
          <methods>
            <method name=".ctor" signature="(System.String,System.Object)" line-rate="1" branch-rate="1" complexity="NaN">
              <lines />
            </method>
            <method name="GetHashCode" signature="()" line-rate="1" branch-rate="1" complexity="1">
              <lines />
            </method>
            <method name="Equals" signature="(System.Object)" line-rate="1" branch-rate="1" complexity="NaN">
              <lines />
            </method>
            <method name="Equals" signature="(System.Reflection.PropertyInfo)" line-rate="1" branch-rate="1" complexity="NaN">
              <lines />
            </method>
            <method name="Resolve" signature="(TContext&amp;)" line-rate="1" branch-rate="1" complexity="NaN">
              <lines />
            </method>
          </methods>
          <lines />
        </class>
        <class name="Unity.Resolution.ResolverOverride" filename="C:\projects\unity\Abstractions\src\Dependency\Resolution\Abstracts\ResolverOverride.cs" line-rate="1" branch-rate="1" complexity="6">
          <methods>
            <method name=".ctor" signature="(System.String)" line-rate="1" branch-rate="1" complexity="NaN">
              <lines />
            </method>
            <method name=".ctor" signature="(System.Type,System.Type,System.String)" line-rate="1" branch-rate="1" complexity="NaN">
              <lines />
            </method>
            <method name="OnType" signature="()" line-rate="1" branch-rate="1" complexity="1">
              <lines />
            </method>
            <method name="OnType" signature="(System.Type)" line-rate="1" branch-rate="1" complexity="NaN">
              <lines />
            </method>
            <method name="GetResolver" signature="(System.Type)" line-rate="1" branch-rate="1" complexity="NaN">
              <lines />
            </method>
            <method name="GetHashCode" signature="()" line-rate="1" branch-rate="1" complexity="5">
              <lines />
            </method>
            <method name="Equals" signature="(System.Object)" line-rate="1" branch-rate="1" complexity="NaN">
              <lines />
            </method>
            <method name="op_Equality" signature="(Unity.Resolution.ResolverOverride,Unity.Resolution.ResolverOverride)" line-rate="1" branch-rate="1" complexity="NaN">
              <lines />
            </method>
            <method name="op_Inequality" signature="(Unity.Resolution.ResolverOverride,Unity.Resolution.ResolverOverride)" line-rate="1" branch-rate="1" complexity="NaN">
              <lines />
            </method>
          </methods>
          <lines />
        </class>
        <class name="Unity.ResolutionFailedException" filename="C:\projects\unity\Abstractions\src\Exceptions\ResolutionFailedException.cs" line-rate="1" branch-rate="1" complexity="NaN">
          <methods>
            <method name="TypeRequested" signature="()" line-rate="1" branch-rate="1" complexity="NaN">
              <lines />
            </method>
            <method name="TypeRequested" signature="(System.String)" line-rate="1" branch-rate="1" complexity="NaN">
              <lines />
            </method>
            <method name="NameRequested" signature="()" line-rate="1" branch-rate="1" complexity="NaN">
              <lines />
            </method>
            <method name="NameRequested" signature="(System.String)" line-rate="1" branch-rate="1" complexity="NaN">
              <lines />
            </method>
            <method name=".ctor" signature="(System.Type,System.String,System.String,System.Exception)" line-rate="1" branch-rate="1" complexity="NaN">
              <lines />
            </method>
          </methods>
          <lines />
        </class>
        <class name="Unity.ResolutionFailedException" filename="C:\projects\unity\Abstractions\src\Exceptions\ResolutionFailedException.Desktop.cs" line-rate="1" branch-rate="1" complexity="1">
          <methods>
            <method name="RegisterSerializationHandler" signature="()" line-rate="1" branch-rate="1" complexity="1">
              <lines />
            </method>
            <method name=".ctor" signature="(System.String,System.String)" line-rate="1" branch-rate="1" complexity="NaN">
              <lines />
            </method>
            <method name="CompleteDeserialization" signature="(System.Object)" line-rate="1" branch-rate="1" complexity="NaN">
              <lines />
            </method>
          </methods>
          <lines />
        </class>
        <class name="Unity.Resolve" filename="C:\projects\unity\Abstractions\src\Extensions\Injection\Resolve.cs" line-rate="1" branch-rate="1" complexity="3">
          <methods>
            <method name="Dependency" signature="()" line-rate="1" branch-rate="1" complexity="1">
              <lines />
            </method>
            <method name="Dependency" signature="(System.String)" line-rate="1" branch-rate="1" complexity="NaN">
              <lines />
            </method>
            <method name="Parameter" signature="()" line-rate="1" branch-rate="1" complexity="1">
              <lines />
            </method>
            <method name="Parameter" signature="(System.String)" line-rate="1" branch-rate="1" complexity="NaN">
              <lines />
            </method>
            <method name="Parameter" signature="(System.Type)" line-rate="1" branch-rate="1" complexity="NaN">
              <lines />
            </method>
            <method name="Parameter" signature="()" line-rate="1" branch-rate="1" complexity="NaN">
              <lines />
            </method>
            <method name="Parameter" signature="(System.Type,System.String)" line-rate="1" branch-rate="1" complexity="NaN">
              <lines />
            </method>
            <method name="Parameter" signature="(System.String)" line-rate="1" branch-rate="1" complexity="NaN">
              <lines />
            </method>
            <method name="Generic" signature="(System.String)" line-rate="1" branch-rate="1" complexity="NaN">
              <lines />
            </method>
            <method name="Generic" signature="(System.String,System.String)" line-rate="1" branch-rate="1" complexity="NaN">
              <lines />
            </method>
            <method name="Optional" signature="()" line-rate="1" branch-rate="1" complexity="1">
              <lines />
            </method>
            <method name="Optional" signature="(System.String)" line-rate="1" branch-rate="1" complexity="NaN">
              <lines />
            </method>
            <method name="Optional" signature="(System.Type)" line-rate="1" branch-rate="1" complexity="NaN">
              <lines />
            </method>
            <method name="Optional" signature="()" line-rate="1" branch-rate="1" complexity="NaN">
              <lines />
            </method>
            <method name="Optional" signature="(System.Type,System.String)" line-rate="1" branch-rate="1" complexity="NaN">
              <lines />
            </method>
            <method name="Optional" signature="(System.String)" line-rate="1" branch-rate="1" complexity="NaN">
              <lines />
            </method>
            <method name="Field" signature="(System.String)" line-rate="1" branch-rate="1" complexity="NaN">
              <lines />
            </method>
            <method name="OptionalField" signature="(System.String)" line-rate="1" branch-rate="1" complexity="NaN">
              <lines />
            </method>
            <method name="Property" signature="(System.String)" line-rate="1" branch-rate="1" complexity="NaN">
              <lines />
            </method>
            <method name="OptionalProperty" signature="(System.String)" line-rate="1" branch-rate="1" complexity="NaN">
              <lines />
            </method>
          </methods>
          <lines />
        </class>
        <class name="Unity.TypeLifetime" filename="C:\projects\unity\Abstractions\src\Extensions\Lifetime\TypeLifetime.cs" line-rate="1" branch-rate="1" complexity="NaN">
          <methods>
            <method name="Singleton" signature="()" line-rate="1" branch-rate="1" complexity="NaN">
              <lines />
            </method>
            <method name="ContainerControlled" signature="()" line-rate="1" branch-rate="1" complexity="NaN">
              <lines />
            </method>
            <method name="PerContainer" signature="()" line-rate="1" branch-rate="1" complexity="NaN">
              <lines />
            </method>
            <method name="Hierarchical" signature="()" line-rate="1" branch-rate="1" complexity="NaN">
              <lines />
            </method>
            <method name="Scoped" signature="()" line-rate="1" branch-rate="1" complexity="NaN">
              <lines />
            </method>
            <method name="PerResolve" signature="()" line-rate="1" branch-rate="1" complexity="NaN">
              <lines />
            </method>
            <method name="PerThread" signature="()" line-rate="1" branch-rate="1" complexity="NaN">
              <lines />
            </method>
            <method name="Transient" signature="()" line-rate="1" branch-rate="1" complexity="NaN">
              <lines />
            </method>
            <method name="PerContainerTransient" signature="()" line-rate="1" branch-rate="1" complexity="NaN">
              <lines />
            </method>
            <method name="External" signature="()" line-rate="1" branch-rate="1" complexity="NaN">
              <lines />
            </method>
          </methods>
          <lines />
        </class>
        <class name="Unity.TypeReflectionExtensions" filename="C:\projects\unity\Abstractions\src\Extensions\Reflection\TypeReflectionExtensions.cs" line-rate="1" branch-rate="1" complexity="21">
          <methods>
            <method name="GetArrayParameterType" signature="(System.Type,System.Type[])" line-rate="1" branch-rate="1" complexity="NaN">
              <lines />
            </method>
            <method name="GetDeclaredFields" signature="()" line-rate="1" branch-rate="1" complexity="7">
              <lines />
            </method>
            <method name="GetDeclaredProperties" signature="()" line-rate="1" branch-rate="1" complexity="7">
              <lines />
            </method>
            <method name="GetDeclaredMethods" signature="()" line-rate="1" branch-rate="1" complexity="7">
              <lines />
            </method>
          </methods>
          <lines />
        </class>
        <class name="Unity.UnityContainerAsyncExtensions" filename="C:\projects\unity\Abstractions\src\Extensions\Container\UnityContainerAsync.cs" line-rate="1" branch-rate="1" complexity="NaN">
          <methods>
            <method name="RegisterType" signature="(Unity.IUnityContainerAsync,Unity.Injection.InjectionMember[])" line-rate="1" branch-rate="1" complexity="NaN">
              <lines />
            </method>
            <method name="RegisterType" signature="(Unity.IUnityContainerAsync,Unity.Lifetime.ITypeLifetimeManager,Unity.Injection.InjectionMember[])" line-rate="1" branch-rate="1" complexity="NaN">
              <lines />
            </method>
            <method name="RegisterType" signature="(Unity.IUnityContainerAsync,System.String,Unity.Injection.InjectionMember[])" line-rate="1" branch-rate="1" complexity="NaN">
              <lines />
            </method>
            <method name="RegisterType" signature="(Unity.IUnityContainerAsync,System.String,Unity.Lifetime.ITypeLifetimeManager,Unity.Injection.InjectionMember[])" line-rate="1" branch-rate="1" complexity="NaN">
              <lines />
            </method>
            <method name="RegisterType" signature="(Unity.IUnityContainerAsync,Unity.Injection.InjectionMember[])" line-rate="1" branch-rate="1" complexity="NaN">
              <lines />
            </method>
            <method name="RegisterType" signature="(Unity.IUnityContainerAsync,Unity.Lifetime.ITypeLifetimeManager,Unity.Injection.InjectionMember[])" line-rate="1" branch-rate="1" complexity="NaN">
              <lines />
            </method>
            <method name="RegisterType" signature="(Unity.IUnityContainerAsync,System.String,Unity.Injection.InjectionMember[])" line-rate="1" branch-rate="1" complexity="NaN">
              <lines />
            </method>
            <method name="RegisterType" signature="(Unity.IUnityContainerAsync,System.String,Unity.Lifetime.ITypeLifetimeManager,Unity.Injection.InjectionMember[])" line-rate="1" branch-rate="1" complexity="NaN">
              <lines />
            </method>
            <method name="RegisterSingleton" signature="(Unity.IUnityContainerAsync,Unity.Injection.InjectionMember[])" line-rate="1" branch-rate="1" complexity="NaN">
              <lines />
            </method>
            <method name="RegisterSingleton" signature="(Unity.IUnityContainerAsync,System.String,Unity.Injection.InjectionMember[])" line-rate="1" branch-rate="1" complexity="NaN">
              <lines />
            </method>
            <method name="RegisterSingleton" signature="(Unity.IUnityContainerAsync,Unity.Injection.InjectionMember[])" line-rate="1" branch-rate="1" complexity="NaN">
              <lines />
            </method>
            <method name="RegisterSingleton" signature="(Unity.IUnityContainerAsync,System.String,Unity.Injection.InjectionMember[])" line-rate="1" branch-rate="1" complexity="NaN">
              <lines />
            </method>
            <method name="RegisterType" signature="(Unity.IUnityContainerAsync,System.Type,Unity.Injection.InjectionMember[])" line-rate="1" branch-rate="1" complexity="NaN">
              <lines />
            </method>
            <method name="RegisterType" signature="(Unity.IUnityContainerAsync,System.Type,Unity.Lifetime.ITypeLifetimeManager,Unity.Injection.InjectionMember[])" line-rate="1" branch-rate="1" complexity="NaN">
              <lines />
            </method>
            <method name="RegisterType" signature="(Unity.IUnityContainerAsync,System.Type,System.String,Unity.Injection.InjectionMember[])" line-rate="1" branch-rate="1" complexity="NaN">
              <lines />
            </method>
            <method name="RegisterType" signature="(Unity.IUnityContainerAsync,System.Type,System.String,Unity.Lifetime.ITypeLifetimeManager,Unity.Injection.InjectionMember[])" line-rate="1" branch-rate="1" complexity="NaN">
              <lines />
            </method>
            <method name="RegisterType" signature="(Unity.IUnityContainerAsync,System.Collections.Generic.IEnumerable`1&lt;System.Type&gt;,System.Type,Unity.Injection.InjectionMember[])" line-rate="1" branch-rate="1" complexity="NaN">
              <lines />
            </method>
            <method name="RegisterType" signature="(Unity.IUnityContainerAsync,System.Collections.Generic.IEnumerable`1&lt;System.Type&gt;,System.Type,System.String,Unity.Injection.InjectionMember[])" line-rate="1" branch-rate="1" complexity="NaN">
              <lines />
            </method>
            <method name="RegisterType" signature="(Unity.IUnityContainerAsync,System.Collections.Generic.IEnumerable`1&lt;System.Type&gt;,System.Type,Unity.Lifetime.ITypeLifetimeManager,Unity.Injection.InjectionMember[])" line-rate="1" branch-rate="1" complexity="NaN">
              <lines />
            </method>
            <method name="RegisterSingleton" signature="(Unity.IUnityContainerAsync,System.Type,Unity.Injection.InjectionMember[])" line-rate="1" branch-rate="1" complexity="NaN">
              <lines />
            </method>
            <method name="RegisterSingleton" signature="(Unity.IUnityContainerAsync,System.Type,System.String,Unity.Injection.InjectionMember[])" line-rate="1" branch-rate="1" complexity="NaN">
              <lines />
            </method>
            <method name="RegisterSingleton" signature="(Unity.IUnityContainerAsync,System.Collections.Generic.IEnumerable`1&lt;System.Type&gt;,System.Type,Unity.Injection.InjectionMember[])" line-rate="1" branch-rate="1" complexity="NaN">
              <lines />
            </method>
            <method name="RegisterSingleton" signature="(Unity.IUnityContainerAsync,System.Collections.Generic.IEnumerable`1&lt;System.Type&gt;,System.Type,System.String,Unity.Injection.InjectionMember[])" line-rate="1" branch-rate="1" complexity="NaN">
              <lines />
            </method>
            <method name="RegisterInstance" signature="(Unity.IUnityContainerAsync,TInterface)" line-rate="1" branch-rate="1" complexity="NaN">
              <lines />
            </method>
            <method name="RegisterInstance" signature="(Unity.IUnityContainerAsync,TInterface,Unity.Lifetime.IInstanceLifetimeManager)" line-rate="1" branch-rate="1" complexity="NaN">
              <lines />
            </method>
            <method name="RegisterInstance" signature="(Unity.IUnityContainerAsync,System.String,TInterface)" line-rate="1" branch-rate="1" complexity="NaN">
              <lines />
            </method>
            <method name="RegisterInstance" signature="(Unity.IUnityContainerAsync,System.String,TInterface,Unity.Lifetime.IInstanceLifetimeManager)" line-rate="1" branch-rate="1" complexity="NaN">
              <lines />
            </method>
            <method name="RegisterInstance" signature="(Unity.IUnityContainerAsync,System.Type,System.Object)" line-rate="1" branch-rate="1" complexity="NaN">
              <lines />
            </method>
            <method name="RegisterInstance" signature="(Unity.IUnityContainerAsync,System.Type,System.Object,Unity.Lifetime.IInstanceLifetimeManager)" line-rate="1" branch-rate="1" complexity="NaN">
              <lines />
            </method>
            <method name="RegisterInstance" signature="(Unity.IUnityContainerAsync,System.Type,System.String,System.Object)" line-rate="1" branch-rate="1" complexity="NaN">
              <lines />
            </method>
            <method name="RegisterFactory" signature="(Unity.IUnityContainerAsync,System.Func`2&lt;Unity.IUnityContainer,System.Object&gt;,Unity.Lifetime.IFactoryLifetimeManager)" line-rate="1" branch-rate="1" complexity="NaN">
              <lines />
            </method>
            <method name="RegisterFactory" signature="(Unity.IUnityContainerAsync,System.Func`4&lt;Unity.IUnityContainer,System.Type,System.String,System.Object&gt;,Unity.Lifetime.IFactoryLifetimeManager)" line-rate="1" branch-rate="1" complexity="NaN">
              <lines />
            </method>
            <method name="RegisterFactory" signature="(Unity.IUnityContainerAsync,System.String,System.Func`2&lt;Unity.IUnityContainer,System.Object&gt;,Unity.Lifetime.IFactoryLifetimeManager)" line-rate="1" branch-rate="1" complexity="NaN">
              <lines />
            </method>
            <method name="RegisterFactory" signature="(Unity.IUnityContainerAsync,System.String,System.Func`4&lt;Unity.IUnityContainer,System.Type,System.String,System.Object&gt;,Unity.Lifetime.IFactoryLifetimeManager)" line-rate="1" branch-rate="1" complexity="NaN">
              <lines />
            </method>
            <method name="RegisterFactory" signature="(Unity.IUnityContainerAsync,System.Type,System.Func`2&lt;Unity.IUnityContainerAsync,System.Object&gt;,Unity.Lifetime.IFactoryLifetimeManager)" line-rate="1" branch-rate="1" complexity="NaN">
              <lines />
            </method>
            <method name="RegisterFactory" signature="(Unity.IUnityContainerAsync,System.Type,System.Func`4&lt;Unity.IUnityContainerAsync,System.Type,System.String,System.Object&gt;,Unity.Lifetime.IFactoryLifetimeManager)" line-rate="1" branch-rate="1" complexity="NaN">
              <lines />
            </method>
            <method name="RegisterFactory" signature="(Unity.IUnityContainerAsync,System.Type,System.String,System.Func`2&lt;Unity.IUnityContainerAsync,System.Object&gt;,Unity.Lifetime.IFactoryLifetimeManager)" line-rate="1" branch-rate="1" complexity="NaN">
              <lines />
            </method>
            <method name="RegisterFactory" signature="(Unity.IUnityContainerAsync,System.Type,System.String,System.Func`4&lt;Unity.IUnityContainerAsync,System.Type,System.String,System.Object&gt;,Unity.Lifetime.IFactoryLifetimeManager)" line-rate="1" branch-rate="1" complexity="NaN">
              <lines />
            </method>
            <method name="ResolveAsync" signature="(Unity.IUnityContainerAsync,Unity.Resolution.ResolverOverride[])" line-rate="1" branch-rate="1" complexity="NaN">
              <lines />
            </method>
            <method name="ResolveAsync" signature="(Unity.IUnityContainerAsync,System.String,Unity.Resolution.ResolverOverride[])" line-rate="1" branch-rate="1" complexity="NaN">
              <lines />
            </method>
[...]
            <method name="_existingGasModule" signature="()" line-rate="1" branch-rate="1" complexity="NaN">
              <lines>
                <line number="16" hits="4" branch="false" />
              </lines>
            </method>
            <method name="_existingGasModule" signature="(WebProject.Data.ExistingGasModule)" line-rate="1" branch-rate="1" complexity="NaN">
              <lines>
                <line number="16" hits="4" branch="false" />
              </lines>
            </method>
            <method name="Setup" signature="()" line-rate="1" branch-rate="1" complexity="1">
              <lines>
                <line number="20" hits="2" branch="false" />
                <line number="21" hits="2" branch="false" />
                <line number="22" hits="2" branch="false" />
              </lines>
            </method>
            <method name="GetModuleTest_CircleKGasStation_CircleKModuleIDIsReturned" signature="()" line-rate="1" branch-rate="1" complexity="1">
              <lines>
                <line number="26" hits="1" branch="false" />
                <line number="28" hits="1" branch="false" />
                <line number="31" hits="1" branch="false" />
                <line number="34" hits="1" branch="false" />
                <line number="35" hits="1" branch="false" />
              </lines>
            </method>
            <method name="GetModuleTest_Viada_nullIsReturned" signature="()" line-rate="1" branch-rate="1" complexity="1">
              <lines>
                <line number="39" hits="1" branch="false" />
                <line number="41" hits="1" branch="false" />
                <line number="44" hits="1" branch="false" />
                <line number="47" hits="1" branch="false" />
                <line number="48" hits="1" branch="false" />
              </lines>
            </method>
            <method name=".ctor" signature="()" line-rate="1" branch-rate="1" complexity="1">
              <lines>
                <line number="16" hits="4" branch="false" />
              </lines>
            </method>
          </methods>
          <lines>
            <line number="16" hits="4" branch="false" />
            <line number="20" hits="2" branch="false" />
            <line number="21" hits="2" branch="false" />
            <line number="22" hits="2" branch="false" />
            <line number="26" hits="1" branch="false" />
            <line number="28" hits="1" branch="false" />
            <line number="31" hits="1" branch="false" />
            <line number="34" hits="1" branch="false" />
            <line number="35" hits="1" branch="false" />
            <line number="39" hits="1" branch="false" />
            <line number="41" hits="1" branch="false" />
            <line number="44" hits="1" branch="false" />
            <line number="47" hits="1" branch="false" />
            <line number="48" hits="1" branch="false" />
          </lines>
        </class>
        <class name="WebProjectTests.PictureParserServiceTests" filename="C:\Users\olgie\Desktop\New folder (2)\WebProject\WebProjectTests\PictureParserServiceTests.cs" line-rate="1" branch-rate="1" complexity="3">
          <methods>
            <method name="_pictureParserService" signature="()" line-rate="1" branch-rate="1" complexity="NaN">
              <lines>
                <line number="15" hits="3" branch="false" />
              </lines>
            </method>
            <method name="_pictureParserService" signature="(WebProject.Data.Repositories.PictureParserService)" line-rate="1" branch-rate="1" complexity="NaN">
              <lines>
                <line number="15" hits="3" branch="false" />
              </lines>
            </method>
            <method name="Setup" signature="()" line-rate="1" branch-rate="1" complexity="1">
              <lines>
                <line number="21" hits="1" branch="false" />
                <line number="22" hits="1" branch="false" />
                <line number="23" hits="1" branch="false" />
                <line number="24" hits="1" branch="false" />
                <line number="25" hits="1" branch="false" />
                <line number="26" hits="1" branch="false" />
              </lines>
            </method>
            <method name="Construct_GetStringThenSerializeAndValidate_RecieveDictionary" signature="()" line-rate="1" branch-rate="1" complexity="1">
              <lines>
                <line number="30" hits="1" branch="false" />
                <line number="32" hits="1" branch="false" />
                <line number="33" hits="1" branch="false" />
                <line number="36" hits="1" branch="false" />
                <line number="38" hits="1" branch="false" />
                <line number="39" hits="1" branch="false" />
                <line number="40" hits="1" branch="false" />
                <line number="44" hits="1" branch="false" />
                <line number="45" hits="1" branch="false" />
                <line number="47" hits="1" branch="false" />
                <line number="48" hits="1" branch="false" />
              </lines>
            </method>
            <method name=".ctor" signature="()" line-rate="1" branch-rate="1" complexity="1">
              <lines>
                <line number="15" hits="3" branch="false" />
                <line number="16" hits="1" branch="false" />
              </lines>
            </method>
          </methods>
          <lines>
            <line number="15" hits="3" branch="false" />
            <line number="16" hits="1" branch="false" />
            <line number="21" hits="1" branch="false" />
            <line number="22" hits="1" branch="false" />
            <line number="23" hits="1" branch="false" />
            <line number="24" hits="1" branch="false" />
            <line number="25" hits="1" branch="false" />
            <line number="26" hits="1" branch="false" />
            <line number="30" hits="1" branch="false" />
            <line number="32" hits="1" branch="false" />
            <line number="33" hits="1" branch="false" />
            <line number="36" hits="1" branch="false" />
            <line number="38" hits="1" branch="false" />
            <line number="39" hits="1" branch="false" />
            <line number="40" hits="1" branch="false" />
            <line number="44" hits="1" branch="false" />
            <line number="45" hits="1" branch="false" />
            <line number="47" hits="1" branch="false" />
            <line number="48" hits="1" branch="false" />
          </lines>
        </class>
        <class name="WebProjectUnit.Tests.InsertionClassTests" filename="C:\Users\olgie\Desktop\New folder (2)\WebProject\WebProjectTests\InsertionClassTests.cs" line-rate="1" branch-rate="1" complexity="13">
          <methods>
            <method name="_insertionClass" signature="()" line-rate="1" branch-rate="1" complexity="NaN">
              <lines>
                <line number="15" hits="33" branch="false" />
              </lines>
            </method>
            <method name="_insertionClass" signature="(WebProject.Insertion)" line-rate="1" branch-rate="1" complexity="NaN">
              <lines>
                <line number="15" hits="33" branch="false" />
              </lines>
            </method>
            <method name="Setup" signature="()" line-rate="1" branch-rate="1" complexity="1">
              <lines>
                <line number="19" hits="11" branch="false" />
                <line number="20" hits="11" branch="false" />
                <line number="21" hits="11" branch="false" />
              </lines>
            </method>
            <method name="PriceValidationTest_PriceMatchesRegex_PriceIsAddedToTheList" signature="()" line-rate="1" branch-rate="1" complexity="1">
              <lines>
                <line number="27" hits="1" branch="false" />
                <line number="29" hits="1" branch="false" />
                <line number="30" hits="1" branch="false" />
                <line number="33" hits="1" branch="false" />
                <line number="34" hits="1" branch="false" />
                <line number="37" hits="1" branch="false" />
                <line number="38" hits="1" branch="false" />
              </lines>
            </method>
            <method name="PriceValidationTest_UserInputEmpty_DashIsAddedToTheList" signature="()" line-rate="1" branch-rate="1" complexity="1">
              <lines>
                <line number="42" hits="1" branch="false" />
                <line number="44" hits="1" branch="false" />
                <line number="45" hits="1" branch="false" />
                <line number="48" hits="1" branch="false" />
                <line number="49" hits="1" branch="false" />
                <line number="52" hits="1" branch="false" />
                <line number="53" hits="1" branch="false" />
              </lines>
            </method>
            <method name="PriceValidationTest_UserInputNotValid_EmptyListIsReturned" signature="()" line-rate="1" branch-rate="1" complexity="1">
              <lines>
                <line number="57" hits="1" branch="false" />
                <line number="59" hits="1" branch="false" />
                <line number="60" hits="1" branch="false" />
                <line number="65" hits="1" branch="false" />
                <line number="69" hits="1" branch="false" />
                <line number="70" hits="1" branch="false" />
              </lines>
            </method>
            <method name="ReturnDataKeyTest_EmptyInput_EmptyStringIsReturned" signature="()" line-rate="1" branch-rate="1" complexity="1">
              <lines>
                <line number="77" hits="1" branch="false" />
                <line number="79" hits="1" branch="false" />
                <line number="82" hits="1" branch="false" />
                <line number="85" hits="1" branch="false" />
                <line number="86" hits="1" branch="false" />
              </lines>
            </method>
            <method name="ReturnDataKeyTest_InputWithOneElement_ElementIsReturned" signature="()" line-rate="1" branch-rate="1" complexity="1">
              <lines>
                <line number="90" hits="1" branch="false" />
                <line number="92" hits="1" branch="false" />
                <line number="93" hits="1" branch="false" />
                <line number="96" hits="1" branch="false" />
                <line number="99" hits="1" branch="false" />
                <line number="100" hits="1" branch="false" />
              </lines>
            </method>
            <method name="ReturnDataKeyTest_InputWithManyElements_ElementIsReturned" signature="()" line-rate="1" branch-rate="1" complexity="1">
              <lines>
                <line number="104" hits="1" branch="false" />
                <line number="106" hits="1" branch="false" />
                <line number="108" hits="1" branch="false" />
                <line number="109" hits="1" branch="false" />
                <line number="110" hits="1" branch="false" />
                <line number="112" hits="1" branch="false" />
                <line number="113" hits="1" branch="false" />
                <line number="116" hits="1" branch="false" />
                <line number="119" hits="1" branch="false" />
                <line number="121" hits="1" branch="false" />
              </lines>
            </method>
            <method name="ReturnDataValueTest_EmptyInput_EmptyStringIsReturned" signature="()" line-rate="1" branch-rate="1" complexity="1">
              <lines>
                <line number="127" hits="1" branch="false" />
                <line number="129" hits="1" branch="false" />
                <line number="132" hits="1" branch="false" />
                <line number="135" hits="1" branch="false" />
                <line number="136" hits="1" branch="false" />
              </lines>
            </method>
            <method name="ReturnDataValueTest_InputWithOneElement_ElementIsReturned" signature="()" line-rate="1" branch-rate="1" complexity="1">
              <lines>
                <line number="140" hits="1" branch="false" />
                <line number="142" hits="1" branch="false" />
                <line number="143" hits="1" branch="false" />
                <line number="144" hits="1" branch="false" />
                <line number="147" hits="1" branch="false" />
                <line number="150" hits="1" branch="false" />
                <line number="151" hits="1" branch="false" />
              </lines>
            </method>
            <method name="ReturnDataValueTest_InputWithManyElements_ElementIsReturned" signature="()" line-rate="1" branch-rate="1" complexity="1">
              <lines>
                <line number="155" hits="1" branch="false" />
                <line number="157" hits="1" branch="false" />
                <line number="159" hits="1" branch="false" />
                <line number="160" hits="1" branch="false" />
                <line number="161" hits="1" branch="false" />
                <line number="163" hits="1" branch="false" />
                <line number="164" hits="1" branch="false" />
                <line number="167" hits="1" branch="false" />
                <line number="170" hits="1" branch="false" />
                <line number="171" hits="1" branch="false" />
              </lines>
            </method>
            <method name="CalculateDictionaryKeyLength_EmptyInput_ZeroIsReturned" signature="()" line-rate="1" branch-rate="1" complexity="1">
              <lines>
                <line number="175" hits="1" branch="false" />
                <line number="177" hits="1" branch="false" />
                <line number="180" hits="1" branch="false" />
                <line number="183" hits="1" branch="false" />
                <line number="184" hits="1" branch="false" />
              </lines>
            </method>
            <method name="CalculateDictionaryKeyLength_InputWithManyElements_IntegerIsReturned" signature="()" line-rate="1" branch-rate="1" complexity="1">
              <lines>
                <line number="188" hits="1" branch="false" />
                <line number="189" hits="1" branch="false" />
                <line number="192" hits="1" branch="false" />
                <line number="193" hits="1" branch="false" />
                <line number="194" hits="1" branch="false" />
                <line number="195" hits="1" branch="false" />
                <line number="196" hits="1" branch="false" />
                <line number="197" hits="1" branch="false" />
                <line number="200" hits="1" branch="false" />
                <line number="203" hits="1" branch="false" />
                <line number="204" hits="1" branch="false" />
              </lines>
            </method>
            <method name=".ctor" signature="()" line-rate="1" branch-rate="1" complexity="1">
              <lines>
                <line number="15" hits="33" branch="false" />
              </lines>
            </method>
          </methods>
          <lines>
            <line number="15" hits="33" branch="false" />
            <line number="19" hits="11" branch="false" />
            <line number="20" hits="11" branch="false" />
            <line number="21" hits="11" branch="false" />
            <line number="27" hits="1" branch="false" />
            <line number="29" hits="1" branch="false" />
            <line number="30" hits="1" branch="false" />
            <line number="33" hits="1" branch="false" />
            <line number="34" hits="1" branch="false" />
            <line number="37" hits="1" branch="false" />
            <line number="38" hits="1" branch="false" />
            <line number="42" hits="1" branch="false" />
            <line number="44" hits="1" branch="false" />
            <line number="45" hits="1" branch="false" />
            <line number="48" hits="1" branch="false" />
            <line number="49" hits="1" branch="false" />
            <line number="52" hits="1" branch="false" />
            <line number="53" hits="1" branch="false" />
            <line number="57" hits="1" branch="false" />
            <line number="59" hits="1" branch="false" />
            <line number="60" hits="1" branch="false" />
            <line number="65" hits="1" branch="false" />
            <line number="69" hits="1" branch="false" />
            <line number="70" hits="1" branch="false" />
            <line number="77" hits="1" branch="false" />
            <line number="79" hits="1" branch="false" />
            <line number="82" hits="1" branch="false" />
            <line number="85" hits="1" branch="false" />
            <line number="86" hits="1" branch="false" />
            <line number="90" hits="1" branch="false" />
            <line number="92" hits="1" branch="false" />
            <line number="93" hits="1" branch="false" />
            <line number="96" hits="1" branch="false" />
            <line number="99" hits="1" branch="false" />
            <line number="100" hits="1" branch="false" />
            <line number="104" hits="1" branch="false" />
            <line number="106" hits="1" branch="false" />
            <line number="108" hits="1" branch="false" />
            <line number="109" hits="1" branch="false" />
            <line number="110" hits="1" branch="false" />
            <line number="112" hits="1" branch="false" />
            <line number="113" hits="1" branch="false" />
            <line number="116" hits="1" branch="false" />
            <line number="119" hits="1" branch="false" />
            <line number="121" hits="1" branch="false" />
            <line number="127" hits="1" branch="false" />
            <line number="129" hits="1" branch="false" />
            <line number="132" hits="1" branch="false" />
            <line number="135" hits="1" branch="false" />
            <line number="136" hits="1" branch="false" />
            <line number="140" hits="1" branch="false" />
            <line number="142" hits="1" branch="false" />
            <line number="143" hits="1" branch="false" />
            <line number="144" hits="1" branch="false" />
            <line number="147" hits="1" branch="false" />
            <line number="150" hits="1" branch="false" />
            <line number="151" hits="1" branch="false" />
            <line number="155" hits="1" branch="false" />
            <line number="157" hits="1" branch="false" />
            <line number="159" hits="1" branch="false" />
            <line number="160" hits="1" branch="false" />
            <line number="161" hits="1" branch="false" />
            <line number="163" hits="1" branch="false" />
            <line number="164" hits="1" branch="false" />
            <line number="167" hits="1" branch="false" />
            <line number="170" hits="1" branch="false" />
            <line number="171" hits="1" branch="false" />
            <line number="175" hits="1" branch="false" />
            <line number="177" hits="1" branch="false" />
            <line number="180" hits="1" branch="false" />
            <line number="183" hits="1" branch="false" />
            <line number="184" hits="1" branch="false" />
            <line number="188" hits="1" branch="false" />
            <line number="189" hits="1" branch="false" />
            <line number="192" hits="1" branch="false" />
            <line number="193" hits="1" branch="false" />
            <line number="194" hits="1" branch="false" />
            <line number="195" hits="1" branch="false" />
            <line number="196" hits="1" branch="false" />
            <line number="197" hits="1" branch="false" />
            <line number="200" hits="1" branch="false" />
            <line number="203" hits="1" branch="false" />
            <line number="204" hits="1" branch="false" />
          </lines>
        </class>
      </classes>
    </package>
  </packages>
</coverage>