<?xml version="1.0" encoding="utf-8"?>
<!DOCTYPE coverage SYSTEM "http://cobertura.sourceforge.net/xml/coverage-04.dtd">
<coverage line-rate="0.0229696472518458" branch-rate="0.0161290322580645" lines-covered="28" lines-valid="1219" branches-covered="3" branches-valid="186" complexity="243" version="0" timestamp="1669120129">
  <sources />
  <packages>
    <package name="WebProject" line-rate="0.010797342192691" branch-rate="0.0161290322580645" complexity="241">
      <classes>
        <class name="WebProject._Default" filename="C:\Users\kuora\Desktop\New folder (5)\PSI\WebProject\WebProject\Default.aspx.cs" line-rate="0" branch-rate="1" complexity="NaN">
          <methods>
            <method name="Page_Load" signature="(System.Object,System.EventArgs)" line-rate="0" branch-rate="1" complexity="NaN">
              <lines>
                <line number="13" hits="0" branch="false" />
                <line number="15" hits="0" branch="false" />
              </lines>
            </method>
          </methods>
          <lines>
            <line number="13" hits="0" branch="false" />
            <line number="15" hits="0" branch="false" />
          </lines>
        </class>
        <class name="WebProject.About" filename="C:\Users\kuora\Desktop\New folder (5)\PSI\WebProject\WebProject\Presentation\About.aspx.cs" line-rate="0" branch-rate="1" complexity="NaN">
          <methods>
            <method name="Page_Load" signature="(System.Object,System.EventArgs)" line-rate="0" branch-rate="1" complexity="NaN">
              <lines>
                <line number="13" hits="0" branch="false" />
                <line number="15" hits="0" branch="false" />
              </lines>
            </method>
          </methods>
          <lines>
            <line number="13" hits="0" branch="false" />
            <line number="15" hits="0" branch="false" />
          </lines>
        </class>
        <class name="WebProject.BundleConfig" filename="C:\Users\kuora\Desktop\New folder (5)\PSI\WebProject\WebProject\App_Start\BundleConfig.cs" line-rate="0" branch-rate="1" complexity="NaN">
          <methods>
            <method name="RegisterBundles" signature="(System.Web.Optimization.BundleCollection)" line-rate="0" branch-rate="1" complexity="NaN">
              <lines>
                <line number="14" hits="0" branch="false" />
                <line number="15" hits="0" branch="false" />
                <line number="16" hits="0" branch="false" />
                <line number="17" hits="0" branch="false" />
                <line number="18" hits="0" branch="false" />
                <line number="19" hits="0" branch="false" />
                <line number="20" hits="0" branch="false" />
                <line number="21" hits="0" branch="false" />
                <line number="22" hits="0" branch="false" />
                <line number="23" hits="0" branch="false" />
                <line number="26" hits="0" branch="false" />
                <line number="27" hits="0" branch="false" />
                <line number="28" hits="0" branch="false" />
                <line number="29" hits="0" branch="false" />
                <line number="30" hits="0" branch="false" />
                <line number="34" hits="0" branch="false" />
                <line number="35" hits="0" branch="false" />
                <line number="36" hits="0" branch="false" />
              </lines>
            </method>
          </methods>
          <lines>
            <line number="14" hits="0" branch="false" />
            <line number="15" hits="0" branch="false" />
            <line number="16" hits="0" branch="false" />
            <line number="17" hits="0" branch="false" />
            <line number="18" hits="0" branch="false" />
            <line number="19" hits="0" branch="false" />
            <line number="20" hits="0" branch="false" />
            <line number="21" hits="0" branch="false" />
            <line number="22" hits="0" branch="false" />
            <line number="23" hits="0" branch="false" />
            <line number="26" hits="0" branch="false" />
            <line number="27" hits="0" branch="false" />
            <line number="28" hits="0" branch="false" />
            <line number="29" hits="0" branch="false" />
            <line number="30" hits="0" branch="false" />
            <line number="34" hits="0" branch="false" />
            <line number="35" hits="0" branch="false" />
            <line number="36" hits="0" branch="false" />
          </lines>
        </class>
        <class name="WebProject.Business_logic.RetrieveGasStationLocationPrice" filename="C:\Users\kuora\Desktop\New folder (5)\PSI\WebProject\WebProject\Business_logic\RetrieveGasStationLocationPrice.cs" line-rate="0" branch-rate="0" complexity="1">
          <methods>
            <method name="getGasTypesID" signature="(System.String[])" line-rate="0" branch-rate="0" complexity="NaN">
              <lines>
                <line number="17" hits="0" branch="false" />
                <line number="18" hits="0" branch="false" />
                <line number="19" hits="0" branch="false" />
                <line number="20" hits="0" branch="false" />
                <line number="21" hits="0" branch="false" />
                <line number="22" hits="0" branch="false" />
                <line number="23" hits="0" branch="false" />
                <line number="25" hits="0" branch="false" />
                <line number="26" hits="0" branch="false" />
                <line number="27" hits="0" branch="false" />
                <line number="28" hits="0" branch="false" />
                <line number="29" hits="0" branch="false" />
                <line number="30" hits="0" branch="false" />
                <line number="31" hits="0" branch="true" condition-coverage="0% (0/2)" />
                <line number="32" hits="0" branch="false" />
                <line number="33" hits="0" branch="false" />
                <line number="34" hits="0" branch="false" />
                <line number="35" hits="0" branch="false" />
                <line number="36" hits="0" branch="false" />
                <line number="37" hits="0" branch="false" />
                <line number="38" hits="0" branch="false" />
                <line number="40" hits="0" branch="false" />
                <line number="41" hits="0" branch="false" />
                <line number="42" hits="0" branch="false" />
                <line number="43" hits="0" branch="false" />
                <line number="47" hits="0" branch="false" />
              </lines>
            </method>
            <method name=".cctor" signature="()" line-rate="0" branch-rate="1" complexity="1">
              <lines>
                <line number="13" hits="0" branch="false" />
                <line number="14" hits="0" branch="false" />
              </lines>
            </method>
          </methods>
          <lines>
            <line number="13" hits="0" branch="false" />
            <line number="14" hits="0" branch="false" />
            <line number="17" hits="0" branch="false" />
            <line number="18" hits="0" branch="false" />
            <line number="19" hits="0" branch="false" />
            <line number="20" hits="0" branch="false" />
            <line number="21" hits="0" branch="false" />
            <line number="22" hits="0" branch="false" />
            <line number="23" hits="0" branch="false" />
            <line number="25" hits="0" branch="false" />
            <line number="26" hits="0" branch="false" />
            <line number="27" hits="0" branch="false" />
            <line number="28" hits="0" branch="false" />
            <line number="29" hits="0" branch="false" />
            <line number="30" hits="0" branch="false" />
            <line number="31" hits="0" branch="true" condition-coverage="0% (0/2)" />
            <line number="32" hits="0" branch="false" />
            <line number="33" hits="0" branch="false" />
            <line number="34" hits="0" branch="false" />
            <line number="35" hits="0" branch="false" />
            <line number="36" hits="0" branch="false" />
            <line number="37" hits="0" branch="false" />
            <line number="38" hits="0" branch="false" />
            <line number="40" hits="0" branch="false" />
            <line number="41" hits="0" branch="false" />
            <line number="42" hits="0" branch="false" />
            <line number="43" hits="0" branch="false" />
            <line number="47" hits="0" branch="false" />
          </lines>
        </class>
        <class name="WebProject.Business_logic.RetrieveGasStationLocations" filename="C:\Users\kuora\Desktop\New folder (5)\PSI\WebProject\WebProject\Business_logic\RetrieveGasStationLocations.cs" line-rate="0" branch-rate="0" complexity="1">
          <methods>
            <method name="getGasStationLocations" signature="(System.String,System.Int32,WebProject.IGasStation)" line-rate="0" branch-rate="0" complexity="NaN">
              <lines>
                <line number="18" hits="0" branch="false" />
                <line number="21" hits="0" branch="false" />
                <line number="22" hits="0" branch="false" />
                <line number="23" hits="0" branch="false" />
                <line number="24" hits="0" branch="false" />
                <line number="25" hits="0" branch="false" />
                <line number="26" hits="0" branch="false" />
                <line number="28" hits="0" branch="false" />
                <line number="29" hits="0" branch="false" />
                <line number="30" hits="0" branch="false" />
                <line number="31" hits="0" branch="false" />
                <line number="32" hits="0" branch="true" condition-coverage="0% (0/2)" />
                <line number="33" hits="0" branch="false" />
                <line number="34" hits="0" branch="false" />
                <line number="35" hits="0" branch="false" />
                <line number="36" hits="0" branch="false" />
                <line number="37" hits="0" branch="false" />
                <line number="39" hits="0" branch="false" />
                <line number="41" hits="0" branch="false" />
                <line number="42" hits="0" branch="false" />
                <line number="43" hits="0" branch="false" />
                <line number="46" hits="0" branch="false" />
                <line number="47" hits="0" branch="false" />
                <line number="48" hits="0" branch="false" />
                <line number="49" hits="0" branch="false" />
                <line number="52" hits="0" branch="false" />
              </lines>
            </method>
            <method name="getGasStationLocationID" signature="(System.String)" line-rate="0" branch-rate="0" complexity="NaN">
              <lines>
                <line number="56" hits="0" branch="false" />
                <line number="57" hits="0" branch="false" />
                <line number="58" hits="0" branch="false" />
                <line number="59" hits="0" branch="false" />
                <line number="60" hits="0" branch="false" />
                <line number="61" hits="0" branch="false" />
                <line number="62" hits="0" branch="false" />
                <line number="64" hits="0" branch="false" />
                <line number="65" hits="0" branch="false" />
                <line number="66" hits="0" branch="false" />
                <line number="67" hits="0" branch="true" condition-coverage="0% (0/2)" />
                <line number="68" hits="0" branch="false" />
                <line number="69" hits="0" branch="false" />
                <line number="70" hits="0" branch="false" />
                <line number="71" hits="0" branch="false" />
                <line number="72" hits="0" branch="false" />
                <line number="75" hits="0" branch="false" />
                <line number="76" hits="0" branch="false" />
                <line number="77" hits="0" branch="false" />
                <line number="78" hits="0" branch="false" />
                <line number="81" hits="0" branch="false" />
              </lines>
            </method>
            <method name=".cctor" signature="()" line-rate="0" branch-rate="1" complexity="1">
              <lines>
                <line number="14" hits="0" branch="false" />
                <line number="15" hits="0" branch="false" />
              </lines>
            </method>
          </methods>
          <lines>
            <line number="14" hits="0" branch="false" />
            <line number="15" hits="0" branch="false" />
            <line number="18" hits="0" branch="false" />
            <line number="21" hits="0" branch="false" />
            <line number="22" hits="0" branch="false" />
            <line number="23" hits="0" branch="false" />
            <line number="24" hits="0" branch="false" />
            <line number="25" hits="0" branch="false" />
            <line number="26" hits="0" branch="false" />
            <line number="28" hits="0" branch="false" />
            <line number="29" hits="0" branch="false" />
            <line number="30" hits="0" branch="false" />
            <line number="31" hits="0" branch="false" />
            <line number="32" hits="0" branch="true" condition-coverage="0% (0/2)" />
            <line number="33" hits="0" branch="false" />
            <line number="34" hits="0" branch="false" />
            <line number="35" hits="0" branch="false" />
            <line number="36" hits="0" branch="false" />
            <line number="37" hits="0" branch="false" />
            <line number="39" hits="0" branch="false" />
            <line number="41" hits="0" branch="false" />
            <line number="42" hits="0" branch="false" />
            <line number="43" hits="0" branch="false" />
            <line number="46" hits="0" branch="false" />
            <line number="47" hits="0" branch="false" />
            <line number="48" hits="0" branch="false" />
            <line number="49" hits="0" branch="false" />
            <line number="52" hits="0" branch="false" />
            <line number="56" hits="0" branch="false" />
            <line number="57" hits="0" branch="false" />
            <line number="58" hits="0" branch="false" />
            <line number="59" hits="0" branch="false" />
            <line number="60" hits="0" branch="false" />
            <line number="61" hits="0" branch="false" />
            <line number="62" hits="0" branch="false" />
            <line number="64" hits="0" branch="false" />
            <line number="65" hits="0" branch="false" />
            <line number="66" hits="0" branch="false" />
            <line number="67" hits="0" branch="true" condition-coverage="0% (0/2)" />
            <line number="68" hits="0" branch="false" />
            <line number="69" hits="0" branch="false" />
            <line number="70" hits="0" branch="false" />
            <line number="71" hits="0" branch="false" />
            <line number="72" hits="0" branch="false" />
            <line number="75" hits="0" branch="false" />
            <line number="76" hits="0" branch="false" />
            <line number="77" hits="0" branch="false" />
            <line number="78" hits="0" branch="false" />
            <line number="81" hits="0" branch="false" />
          </lines>
        </class>
        <class name="WebProject.Business_logic.RetrieveGasStations" filename="C:\Users\kuora\Desktop\New folder (5)\PSI\WebProject\WebProject\Business_logic\RetrieveGasStations.cs" line-rate="0" branch-rate="0" complexity="4">
          <methods>
            <method name="getGasStations" signature="()" line-rate="0" branch-rate="0" complexity="3">
              <lines>
                <line number="21" hits="0" branch="false" />
                <line number="22" hits="0" branch="false" />
                <line number="23" hits="0" branch="false" />
                <line number="24" hits="0" branch="false" />
                <line number="25" hits="0" branch="false" />
                <line number="26" hits="0" branch="false" />
                <line number="28" hits="0" branch="false" />
                <line number="29" hits="0" branch="false" />
                <line number="30" hits="0" branch="false" />
                <line number="31" hits="0" branch="true" condition-coverage="0% (0/2)" />
                <line number="32" hits="0" branch="false" />
                <line number="33" hits="0" branch="false" />
                <line number="34" hits="0" branch="false" />
                <line number="35" hits="0" branch="false" />
                <line number="36" hits="0" branch="false" />
                <line number="39" hits="0" branch="false" />
                <line number="40" hits="0" branch="false" />
                <line number="41" hits="0" branch="false" />
                <line number="42" hits="0" branch="false" />
                <line number="45" hits="0" branch="false" />
              </lines>
            </method>
            <method name="getGasStationID" signature="(System.String)" line-rate="0" branch-rate="0" complexity="NaN">
              <lines>
                <line number="48" hits="0" branch="false" />
                <line number="49" hits="0" branch="false" />
                <line number="50" hits="0" branch="false" />
                <line number="51" hits="0" branch="false" />
                <line number="52" hits="0" branch="false" />
                <line number="53" hits="0" branch="false" />
                <line number="54" hits="0" branch="false" />
                <line number="56" hits="0" branch="false" />
                <line number="57" hits="0" branch="false" />
                <line number="58" hits="0" branch="false" />
                <line number="59" hits="0" branch="true" condition-coverage="0% (0/2)" />
                <line number="60" hits="0" branch="false" />
                <line number="61" hits="0" branch="false" />
                <line number="62" hits="0" branch="false" />
                <line number="63" hits="0" branch="false" />
                <line number="64" hits="0" branch="false" />
                <line number="67" hits="0" branch="false" />
                <line number="68" hits="0" branch="false" />
                <line number="69" hits="0" branch="false" />
                <line number="70" hits="0" branch="false" />
                <line number="73" hits="0" branch="false" />
              </lines>
            </method>
            <method name=".cctor" signature="()" line-rate="0" branch-rate="1" complexity="1">
              <lines>
                <line number="15" hits="0" branch="false" />
                <line number="16" hits="0" branch="false" />
              </lines>
            </method>
          </methods>
          <lines>
            <line number="15" hits="0" branch="false" />
            <line number="16" hits="0" branch="false" />
            <line number="21" hits="0" branch="false" />
            <line number="22" hits="0" branch="false" />
            <line number="23" hits="0" branch="false" />
            <line number="24" hits="0" branch="false" />
            <line number="25" hits="0" branch="false" />
            <line number="26" hits="0" branch="false" />
            <line number="28" hits="0" branch="false" />
            <line number="29" hits="0" branch="false" />
            <line number="30" hits="0" branch="false" />
            <line number="31" hits="0" branch="true" condition-coverage="0% (0/2)" />
            <line number="32" hits="0" branch="false" />
            <line number="33" hits="0" branch="false" />
            <line number="34" hits="0" branch="false" />
            <line number="35" hits="0" branch="false" />
            <line number="36" hits="0" branch="false" />
            <line number="39" hits="0" branch="false" />
            <line number="40" hits="0" branch="false" />
            <line number="41" hits="0" branch="false" />
            <line number="42" hits="0" branch="false" />
            <line number="45" hits="0" branch="false" />
            <line number="48" hits="0" branch="false" />
            <line number="49" hits="0" branch="false" />
            <line number="50" hits="0" branch="false" />
            <line number="51" hits="0" branch="false" />
            <line number="52" hits="0" branch="false" />
            <line number="53" hits="0" branch="false" />
            <line number="54" hits="0" branch="false" />
            <line number="56" hits="0" branch="false" />
            <line number="57" hits="0" branch="false" />
            <line number="58" hits="0" branch="false" />
            <line number="59" hits="0" branch="true" condition-coverage="0% (0/2)" />
            <line number="60" hits="0" branch="false" />
            <line number="61" hits="0" branch="false" />
            <line number="62" hits="0" branch="false" />
            <line number="63" hits="0" branch="false" />
            <line number="64" hits="0" branch="false" />
            <line number="67" hits="0" branch="false" />
            <line number="68" hits="0" branch="false" />
            <line number="69" hits="0" branch="false" />
            <line number="70" hits="0" branch="false" />
            <line number="73" hits="0" branch="false" />
          </lines>
        </class>
        <class name="WebProject.Business_logic.UpdateGasStationLocationPrice" filename="C:\Users\kuora\Desktop\New folder (5)\PSI\WebProject\WebProject\Business_logic\UpdateGasStationLocationPrice.cs" line-rate="0" branch-rate="0" complexity="1">
          <methods>
            <method name="updateGasStationLocationPrice" signature="(System.Int32,System.Int32,System.Collections.Generic.List`1&lt;System.Int32&gt;,System.Collections.Generic.List`1&lt;System.Single&gt;)" line-rate="0" branch-rate="0" complexity="NaN">
              <lines>
                <line number="18" hits="0" branch="false" />
                <line number="19" hits="0" branch="false" />
                <line number="21" hits="0" branch="false" />
                <line number="22" hits="0" branch="false" />
                <line number="23" hits="0" branch="false" />
                <line number="24" hits="0" branch="false" />
                <line number="26" hits="0" branch="false" />
                <line number="28" hits="0" branch="true" condition-coverage="0% (0/2)" />
                <line number="29" hits="0" branch="false" />
                <line number="30" hits="0" branch="false" />
                <line number="31" hits="0" branch="false" />
                <line number="32" hits="0" branch="false" />
                <line number="35" hits="0" branch="false" />
                <line number="36" hits="0" branch="false" />
                <line number="37" hits="0" branch="false" />
                <line number="38" hits="0" branch="false" />
                <line number="39" hits="0" branch="false" />
                <line number="40" hits="0" branch="false" />
                <line number="41" hits="0" branch="false" />
                <line number="42" hits="0" branch="false" />
                <line number="43" hits="0" branch="false" />
                <line number="44" hits="0" branch="false" />
                <line number="45" hits="0" branch="false" />
                <line number="46" hits="0" branch="false" />
                <line number="47" hits="0" branch="false" />
                <line number="48" hits="0" branch="false" />
                <line number="49" hits="0" branch="false" />
                <line number="50" hits="0" branch="false" />
                <line number="51" hits="0" branch="false" />
                <line number="52" hits="0" branch="false" />
                <line number="53" hits="0" branch="false" />
                <line number="54" hits="0" branch="false" />
                <line number="55" hits="0" branch="false" />
                <line number="56" hits="0" branch="false" />
              </lines>
            </method>
            <method name=".cctor" signature="()" line-rate="0" branch-rate="1" complexity="1">
              <lines>
                <line number="13" hits="0" branch="false" />
                <line number="14" hits="0" branch="false" />
              </lines>
            </method>
          </methods>
          <lines>
            <line number="13" hits="0" branch="false" />
            <line number="14" hits="0" branch="false" />
            <line number="18" hits="0" branch="false" />
            <line number="19" hits="0" branch="false" />
            <line number="21" hits="0" branch="false" />
            <line number="22" hits="0" branch="false" />
            <line number="23" hits="0" branch="false" />
            <line number="24" hits="0" branch="false" />
            <line number="26" hits="0" branch="false" />
            <line number="28" hits="0" branch="true" condition-coverage="0% (0/2)" />
            <line number="29" hits="0" branch="false" />
            <line number="30" hits="0" branch="false" />
            <line number="31" hits="0" branch="false" />
            <line number="32" hits="0" branch="false" />
            <line number="35" hits="0" branch="false" />
            <line number="36" hits="0" branch="false" />
            <line number="37" hits="0" branch="false" />
            <line number="38" hits="0" branch="false" />
            <line number="39" hits="0" branch="false" />
            <line number="40" hits="0" branch="false" />
            <line number="41" hits="0" branch="false" />
            <line number="42" hits="0" branch="false" />
            <line number="43" hits="0" branch="false" />
            <line number="44" hits="0" branch="false" />
            <line number="45" hits="0" branch="false" />
            <line number="46" hits="0" branch="false" />
            <line number="47" hits="0" branch="false" />
            <line number="48" hits="0" branch="false" />
            <line number="49" hits="0" branch="false" />
            <line number="50" hits="0" branch="false" />
            <line number="51" hits="0" branch="false" />
            <line number="52" hits="0" branch="false" />
            <line number="53" hits="0" branch="false" />
            <line number="54" hits="0" branch="false" />
            <line number="55" hits="0" branch="false" />
            <line number="56" hits="0" branch="false" />
          </lines>
        </class>
        <class name="WebProject.Contact" filename="C:\Users\kuora\Desktop\New folder (5)\PSI\WebProject\WebProject\Presentation\Contact.aspx.cs" line-rate="0" branch-rate="1" complexity="NaN">
          <methods>
            <method name="Page_Load" signature="(System.Object,System.EventArgs)" line-rate="0" branch-rate="1" complexity="NaN">
              <lines>
                <line number="13" hits="0" branch="false" />
                <line number="15" hits="0" branch="false" />
              </lines>
            </method>
          </methods>
          <lines>
            <line number="13" hits="0" branch="false" />
            <line number="15" hits="0" branch="false" />
          </lines>
        </class>
        <class name="WebProject.Coords" filename="C:\Users\kuora\Desktop\New folder (5)\PSI\WebProject\WebProject\Data\Location.cs" line-rate="0" branch-rate="1" complexity="1">
          <methods>
            <method name="X" signature="()" line-rate="0" branch-rate="1" complexity="NaN">
              <lines>
                <line number="36" hits="0" branch="false" />
              </lines>
            </method>
            <method name="Y" signature="()" line-rate="0" branch-rate="1" complexity="NaN">
              <lines>
                <line number="37" hits="0" branch="false" />
              </lines>
            </method>
            <method name=".ctor" signature="(System.Double,System.Double)" line-rate="0" branch-rate="1" complexity="NaN">
              <lines>
                <line number="31" hits="0" branch="false" />
                <line number="32" hits="0" branch="false" />
                <line number="33" hits="0" branch="false" />
                <line number="34" hits="0" branch="false" />
              </lines>
            </method>
            <method name="ToString" signature="()" line-rate="0" branch-rate="1" complexity="1">
              <lines>
                <line number="39" hits="0" branch="false" />
              </lines>
            </method>
          </methods>
          <lines>
            <line number="31" hits="0" branch="false" />
            <line number="32" hits="0" branch="false" />
            <line number="33" hits="0" branch="false" />
            <line number="34" hits="0" branch="false" />
            <line number="36" hits="0" branch="false" />
            <line number="37" hits="0" branch="false" />
            <line number="39" hits="0" branch="false" />
          </lines>
        </class>
        <class name="WebProject.Data.ExceptionLogger" filename="C:\Users\kuora\Desktop\New folder (5)\PSI\WebProject\WebProject\Data\ExceptionLogger.cs" line-rate="0" branch-rate="0" complexity="3">
          <methods>
            <method name="logAsync" signature="(T)" line-rate="0" branch-rate="1" complexity="NaN">
              <lines>
                <line number="17" hits="0" branch="false" />
                <line number="18" hits="0" branch="false" />
                <line number="19" hits="0" branch="false" />
              </lines>
            </method>
            <method name="dologging" signature="(T)" line-rate="0" branch-rate="0" complexity="NaN">
              <lines>
                <line number="22" hits="0" branch="false" />
                <line number="24" hits="0" branch="false" />
                <line number="25" hits="0" branch="true" condition-coverage="0% (0/2)" />
                <line number="26" hits="0" branch="false" />
                <line number="27" hits="0" branch="false" />
                <line number="28" hits="0" branch="false" />
                <line number="29" hits="0" branch="false" />
                <line number="30" hits="0" branch="false" />
                <line number="31" hits="0" branch="false" />
                <line number="33" hits="0" branch="false" />
                <line number="34" hits="0" branch="false" />
              </lines>
            </method>
            <method name="log" signature="()" line-rate="0" branch-rate="0" complexity="3">
              <lines>
                <line number="13" hits="0" branch="false" />
                <line number="14" hits="0" branch="true" condition-coverage="0% (0/2)" />
              </lines>
            </method>
          </methods>
          <lines>
            <line number="13" hits="0" branch="false" />
            <line number="14" hits="0" branch="true" condition-coverage="0% (0/2)" />
            <line number="17" hits="0" branch="false" />
            <line number="18" hits="0" branch="false" />
            <line number="19" hits="0" branch="false" />
            <line number="22" hits="0" branch="false" />
            <line number="24" hits="0" branch="false" />
            <line number="25" hits="0" branch="true" condition-coverage="0% (0/2)" />
            <line number="26" hits="0" branch="false" />
            <line number="27" hits="0" branch="false" />
            <line number="28" hits="0" branch="false" />
            <line number="29" hits="0" branch="false" />
            <line number="30" hits="0" branch="false" />
            <line number="31" hits="0" branch="false" />
            <line number="33" hits="0" branch="false" />
            <line number="34" hits="0" branch="false" />
          </lines>
        </class>
        <class name="WebProject.Data.ExistingGasModule" filename="C:\Users\kuora\Desktop\New folder (5)\PSI\WebProject\WebProject\Data\ExistingGasModule.cs" line-rate="0" branch-rate="0" complexity="6">
          <methods>
            <method name="AutoModuleWorking" signature="()" line-rate="0" branch-rate="1" complexity="NaN">
              <lines>
                <line number="13" hits="0" branch="false" />
              </lines>
            </method>
            <method name="AutoModuleWorking" signature="(System.Boolean)" line-rate="0" branch-rate="1" complexity="NaN">
              <lines>
                <line number="14" hits="0" branch="false" />
              </lines>
            </method>
            <method name="getModule" signature="(System.String)" line-rate="0" branch-rate="0" complexity="NaN">
              <lines>
                <line number="69" hits="0" branch="false" />
                <line number="70" hits="0" branch="false" />
                <line number="71" hits="0" branch="true" condition-coverage="0% (0/10)" />
                <line number="74" hits="0" branch="false" />
                <line number="75" hits="0" branch="false" />
                <line number="77" hits="0" branch="false" />
                <line number="78" hits="0" branch="false" />
                <line number="80" hits="0" branch="false" />
                <line number="81" hits="0" branch="false" />
                <line number="83" hits="0" branch="false" />
                <line number="84" hits="0" branch="false" />
                <line number="86" hits="0" branch="false" />
                <line number="87" hits="0" branch="false" />
                <line number="89" hits="0" branch="false" />
                <line number="90" hits="0" branch="false" />
              </lines>
            </method>
            <method name=".cctor" signature="()" line-rate="0" branch-rate="1" complexity="1">
              <lines>
                <line number="18" hits="0" branch="false" />
                <line number="19" hits="0" branch="false" />
              </lines>
            </method>
            <method name="getModule" signature="()" line-rate="0" branch-rate="1" complexity="1">
              <lines>
                <line number="31" hits="0" branch="false" />
                <line number="32" hits="0" branch="false" />
                <line number="33" hits="0" branch="false" />
              </lines>
            </method>
            <method name="getModule" signature="()" line-rate="0" branch-rate="1" complexity="1">
              <lines>
                <line number="39" hits="0" branch="false" />
                <line number="40" hits="0" branch="false" />
                <line number="41" hits="0" branch="false" />
              </lines>
            </method>
            <method name="getModule" signature="()" line-rate="0" branch-rate="1" complexity="1">
              <lines>
                <line number="47" hits="0" branch="false" />
                <line number="48" hits="0" branch="false" />
                <line number="49" hits="0" branch="false" />
              </lines>
            </method>
            <method name="getModule" signature="()" line-rate="0" branch-rate="1" complexity="1">
              <lines>
                <line number="55" hits="0" branch="false" />
                <line number="56" hits="0" branch="false" />
                <line number="57" hits="0" branch="false" />
              </lines>
            </method>
            <method name="getModule" signature="()" line-rate="0" branch-rate="1" complexity="1">
              <lines>
                <line number="63" hits="0" branch="false" />
                <line number="64" hits="0" branch="false" />
                <line number="65" hits="0" branch="false" />
              </lines>
            </method>
          </methods>
          <lines>
            <line number="13" hits="0" branch="false" />
            <line number="14" hits="0" branch="false" />
            <line number="18" hits="0" branch="false" />
            <line number="19" hits="0" branch="false" />
            <line number="31" hits="0" branch="false" />
            <line number="32" hits="0" branch="false" />
            <line number="33" hits="0" branch="false" />
            <line number="39" hits="0" branch="false" />
            <line number="40" hits="0" branch="false" />
            <line number="41" hits="0" branch="false" />
            <line number="47" hits="0" branch="false" />
            <line number="48" hits="0" branch="false" />
            <line number="49" hits="0" branch="false" />
            <line number="55" hits="0" branch="false" />
            <line number="56" hits="0" branch="false" />
            <line number="57" hits="0" branch="false" />
            <line number="63" hits="0" branch="false" />
            <line number="64" hits="0" branch="false" />
            <line number="65" hits="0" branch="false" />
            <line number="69" hits="0" branch="false" />
            <line number="70" hits="0" branch="false" />
            <line number="71" hits="0" branch="true" condition-coverage="0% (0/10)" />
            <line number="74" hits="0" branch="false" />
            <line number="75" hits="0" branch="false" />
            <line number="77" hits="0" branch="false" />
            <line number="78" hits="0" branch="false" />
            <line number="80" hits="0" branch="false" />
            <line number="81" hits="0" branch="false" />
            <line number="83" hits="0" branch="false" />
            <line number="84" hits="0" branch="false" />
            <line number="86" hits="0" branch="false" />
            <line number="87" hits="0" branch="false" />
            <line number="89" hits="0" branch="false" />
            <line number="90" hits="0" branch="false" />
          </lines>
        </class>
        <class name="WebProject.Data.GasStationDataContainer`2" filename="C:\Users\kuora\Desktop\New folder (5)\PSI\WebProject\WebProject\Data\GasStationDataContainer.cs" line-rate="0" branch-rate="1" complexity="NaN">
          <methods>
            <method name="Item1" signature="()" line-rate="0" branch-rate="1" complexity="NaN">
              <lines>
                <line number="10" hits="0" branch="false" />
              </lines>
            </method>
            <method name="Item1" signature="(T1)" line-rate="0" branch-rate="1" complexity="NaN">
              <lines>
                <line number="10" hits="0" branch="false" />
              </lines>
            </method>
            <method name="Item2" signature="()" line-rate="0" branch-rate="1" complexity="NaN">
              <lines>
                <line number="11" hits="0" branch="false" />
              </lines>
            </method>
            <method name="Item2" signature="(T2)" line-rate="0" branch-rate="1" complexity="NaN">
              <lines>
                <line number="11" hits="0" branch="false" />
              </lines>
            </method>
          </methods>
          <lines>
            <line number="10" hits="0" branch="false" />
            <line number="11" hits="0" branch="false" />
          </lines>
        </class>
        <class name="WebProject.Data.GasStationItemContainer`3" filename="C:\Users\kuora\Desktop\New folder (5)\PSI\WebProject\WebProject\Data\GasStationItemContainer.cs" line-rate="0" branch-rate="1" complexity="NaN">
          <methods>
            <method name="Item1" signature="()" line-rate="0" branch-rate="1" complexity="NaN">
              <lines>
                <line number="10" hits="0" branch="false" />
              </lines>
            </method>
            <method name="Item1" signature="(T1)" line-rate="0" branch-rate="1" complexity="NaN">
              <lines>
                <line number="10" hits="0" branch="false" />
              </lines>
            </method>
            <method name="Item2" signature="()" line-rate="0" branch-rate="1" complexity="NaN">
              <lines>
                <line number="11" hits="0" branch="false" />
              </lines>
            </method>
            <method name="Item2" signature="(T2)" line-rate="0" branch-rate="1" complexity="NaN">
              <lines>
                <line number="11" hits="0" branch="false" />
              </lines>
            </method>
            <method name="Item3" signature="()" line-rate="0" branch-rate="1" complexity="NaN">
              <lines>
                <line number="12" hits="0" branch="false" />
              </lines>
            </method>
            <method name="Item3" signature="(T3)" line-rate="0" branch-rate="1" complexity="NaN">
              <lines>
                <line number="12" hits="0" branch="false" />
              </lines>
            </method>
          </methods>
          <lines>
            <line number="10" hits="0" branch="false" />
            <line number="11" hits="0" branch="false" />
            <line number="12" hits="0" branch="false" />
          </lines>
        </class>
        <class name="WebProject.Data.GasTypes" filename="C:\Users\kuora\Desktop\New folder (5)\PSI\WebProject\WebProject\Data\GasTypes.cs" line-rate="0" branch-rate="1" complexity="5">
          <methods>
            <method name="GetGasTypes" signature="()" line-rate="0" branch-rate="1" complexity="1">
              <lines>
                <line number="13" hits="0" branch="false" />
                <line number="15" hits="0" branch="false" />
                <line number="16" hits="0" branch="false" />
              </lines>
            </method>
            <method name="GetGasTypes" signature="()" line-rate="0" branch-rate="1" complexity="1">
              <lines>
                <line number="22" hits="0" branch="false" />
                <line number="24" hits="0" branch="false" />
                <line number="25" hits="0" branch="false" />
              </lines>
            </method>
            <method name="GetGasTypes" signature="()" line-rate="0" branch-rate="1" complexity="1">
              <lines>
                <line number="30" hits="0" branch="false" />
                <line number="32" hits="0" branch="false" />
                <line number="33" hits="0" branch="false" />
              </lines>
            </method>
            <method name="GetGasTypes" signature="()" line-rate="0" branch-rate="1" complexity="1">
              <lines>
                <line number="38" hits="0" branch="false" />
                <line number="40" hits="0" branch="false" />
                <line number="41" hits="0" branch="false" />
              </lines>
            </method>
            <method name="GetGasTypes" signature="()" line-rate="0" branch-rate="1" complexity="1">
              <lines>
                <line number="46" hits="0" branch="false" />
                <line number="48" hits="0" branch="false" />
                <line number="49" hits="0" branch="false" />
              </lines>
            </method>
          </methods>
          <lines>
            <line number="13" hits="0" branch="false" />
            <line number="15" hits="0" branch="false" />
            <line number="16" hits="0" branch="false" />
            <line number="22" hits="0" branch="false" />
            <line number="24" hits="0" branch="false" />
            <line number="25" hits="0" branch="false" />
            <line number="30" hits="0" branch="false" />
            <line number="32" hits="0" branch="false" />
            <line number="33" hits="0" branch="false" />
            <line number="38" hits="0" branch="false" />
            <line number="40" hits="0" branch="false" />
            <line number="41" hits="0" branch="false" />
            <line number="46" hits="0" branch="false" />
            <line number="48" hits="0" branch="false" />
            <line number="49" hits="0" branch="false" />
          </lines>
        </class>
        <class name="WebProject.Data.JsonEntity.PredictedBox" filename="C:\Users\kuora\Desktop\New folder (5)\PSI\WebProject\WebProject\Data\JsonEntity\PredictedBox.cs" line-rate="0" branch-rate="1" complexity="NaN">
          <methods>
            <method name="id" signature="()" line-rate="0" branch-rate="1" complexity="NaN">
              <lines>
                <line number="10" hits="0" branch="false" />
              </lines>
            </method>
            <method name="id" signature="(System.String)" line-rate="0" branch-rate="1" complexity="NaN">
              <lines>
                <line number="10" hits="0" branch="false" />
              </lines>
            </method>
            <method name="label" signature="()" line-rate="0" branch-rate="1" complexity="NaN">
              <lines>
                <line number="11" hits="0" branch="false" />
              </lines>
            </method>
            <method name="label" signature="(System.String)" line-rate="0" branch-rate="1" complexity="NaN">
              <lines>
                <line number="11" hits="0" branch="false" />
              </lines>
            </method>
            <method name="xmin" signature="()" line-rate="0" branch-rate="1" complexity="NaN">
              <lines>
                <line number="12" hits="0" branch="false" />
              </lines>
            </method>
            <method name="xmin" signature="(System.Int32)" line-rate="0" branch-rate="1" complexity="NaN">
              <lines>
                <line number="12" hits="0" branch="false" />
              </lines>
            </method>
            <method name="ymin" signature="()" line-rate="0" branch-rate="1" complexity="NaN">
              <lines>
                <line number="13" hits="0" branch="false" />
              </lines>
            </method>
            <method name="ymin" signature="(System.Int32)" line-rate="0" branch-rate="1" complexity="NaN">
              <lines>
                <line number="13" hits="0" branch="false" />
              </lines>
            </method>
            <method name="xmax" signature="()" line-rate="0" branch-rate="1" complexity="NaN">
              <lines>
                <line number="14" hits="0" branch="false" />
              </lines>
            </method>
            <method name="xmax" signature="(System.Int32)" line-rate="0" branch-rate="1" complexity="NaN">
              <lines>
                <line number="14" hits="0" branch="false" />
              </lines>
            </method>
            <method name="ymax" signature="()" line-rate="0" branch-rate="1" complexity="NaN">
              <lines>
                <line number="15" hits="0" branch="false" />
              </lines>
            </method>
            <method name="ymax" signature="(System.Int32)" line-rate="0" branch-rate="1" complexity="NaN">
              <lines>
                <line number="15" hits="0" branch="false" />
              </lines>
            </method>
            <method name="score" signature="()" line-rate="0" branch-rate="1" complexity="NaN">
              <lines>
                <line number="16" hits="0" branch="false" />
              </lines>
            </method>
            <method name="score" signature="(System.Double)" line-rate="0" branch-rate="1" complexity="NaN">
              <lines>
                <line number="16" hits="0" branch="false" />
              </lines>
            </method>
            <method name="ocr_text" signature="()" line-rate="0" branch-rate="1" complexity="NaN">
              <lines>
                <line number="17" hits="0" branch="false" />
              </lines>
            </method>
            <method name="ocr_text" signature="(System.String)" line-rate="0" branch-rate="1" complexity="NaN">
              <lines>
                <line number="17" hits="0" branch="false" />
              </lines>
            </method>
            <method name="status" signature="()" line-rate="0" branch-rate="1" complexity="NaN">
              <lines>
                <line number="18" hits="0" branch="false" />
              </lines>
            </method>
            <method name="status" signature="(System.String)" line-rate="0" branch-rate="1" complexity="NaN">
              <lines>
                <line number="18" hits="0" branch="false" />
              </lines>
            </method>
            <method name="type" signature="()" line-rate="0" branch-rate="1" complexity="NaN">
              <lines>
                <line number="19" hits="0" branch="false" />
              </lines>
            </method>
            <method name="type" signature="(System.String)" line-rate="0" branch-rate="1" complexity="NaN">
              <lines>
                <line number="19" hits="0" branch="false" />
              </lines>
            </method>
            <method name="page" signature="()" line-rate="0" branch-rate="1" complexity="NaN">
              <lines>
                <line number="20" hits="0" branch="false" />
              </lines>
            </method>
            <method name="page" signature="(System.Int32)" line-rate="0" branch-rate="1" complexity="NaN">
              <lines>
                <line number="20" hits="0" branch="false" />
              </lines>
            </method>
            <method name="label_id" signature="()" line-rate="0" branch-rate="1" complexity="NaN">
              <lines>
                <line number="21" hits="0" branch="false" />
              </lines>
            </method>
            <method name="label_id" signature="(System.String)" line-rate="0" branch-rate="1" complexity="NaN">
              <lines>
                <line number="21" hits="0" branch="false" />
              </lines>
            </method>
          </methods>
          <lines>
            <line number="10" hits="0" branch="false" />
            <line number="11" hits="0" branch="false" />
            <line number="12" hits="0" branch="false" />
            <line number="13" hits="0" branch="false" />
            <line number="14" hits="0" branch="false" />
            <line number="15" hits="0" branch="false" />
            <line number="16" hits="0" branch="false" />
            <line number="17" hits="0" branch="false" />
            <line number="18" hits="0" branch="false" />
            <line number="19" hits="0" branch="false" />
            <line number="20" hits="0" branch="false" />
            <line number="21" hits="0" branch="false" />
          </lines>
        </class>
        <class name="WebProject.Data.JsonEntity.RawOcr" filename="C:\Users\kuora\Desktop\New folder (5)\PSI\WebProject\WebProject\Data\JsonEntity\RawOcr.cs" line-rate="0" branch-rate="1" complexity="NaN">
          <methods>
            <method name="id" signature="()" line-rate="0" branch-rate="1" complexity="NaN">
              <lines>
                <line number="10" hits="0" branch="false" />
              </lines>
            </method>
            <method name="id" signature="(System.String)" line-rate="0" branch-rate="1" complexity="NaN">
              <lines>
                <line number="10" hits="0" branch="false" />
              </lines>
            </method>
            <method name="label" signature="()" line-rate="0" branch-rate="1" complexity="NaN">
              <lines>
                <line number="11" hits="0" branch="false" />
              </lines>
            </method>
            <method name="label" signature="(System.String)" line-rate="0" branch-rate="1" complexity="NaN">
              <lines>
                <line number="11" hits="0" branch="false" />
              </lines>
            </method>
            <method name="xmin" signature="()" line-rate="0" branch-rate="1" complexity="NaN">
              <lines>
                <line number="12" hits="0" branch="false" />
              </lines>
            </method>
            <method name="xmin" signature="(System.Int32)" line-rate="0" branch-rate="1" complexity="NaN">
              <lines>
                <line number="12" hits="0" branch="false" />
              </lines>
            </method>
            <method name="ymin" signature="()" line-rate="0" branch-rate="1" complexity="NaN">
              <lines>
                <line number="13" hits="0" branch="false" />
              </lines>
            </method>
            <method name="ymin" signature="(System.Int32)" line-rate="0" branch-rate="1" complexity="NaN">
              <lines>
                <line number="13" hits="0" branch="false" />
              </lines>
            </method>
            <method name="xmax" signature="()" line-rate="0" branch-rate="1" complexity="NaN">
              <lines>
                <line number="14" hits="0" branch="false" />
              </lines>
            </method>
            <method name="xmax" signature="(System.Int32)" line-rate="0" branch-rate="1" complexity="NaN">
              <lines>
                <line number="14" hits="0" branch="false" />
              </lines>
            </method>
            <method name="ymax" signature="()" line-rate="0" branch-rate="1" complexity="NaN">
              <lines>
                <line number="15" hits="0" branch="false" />
              </lines>
            </method>
            <method name="ymax" signature="(System.Int32)" line-rate="0" branch-rate="1" complexity="NaN">
              <lines>
                <line number="15" hits="0" branch="false" />
              </lines>
            </method>
            <method name="score" signature="()" line-rate="0" branch-rate="1" complexity="NaN">
              <lines>
                <line number="16" hits="0" branch="false" />
              </lines>
            </method>
            <method name="score" signature="(System.Double)" line-rate="0" branch-rate="1" complexity="NaN">
              <lines>
                <line number="16" hits="0" branch="false" />
              </lines>
            </method>
            <method name="ocr_text" signature="()" line-rate="0" branch-rate="1" complexity="NaN">
              <lines>
                <line number="17" hits="0" branch="false" />
              </lines>
            </method>
            <method name="ocr_text" signature="(System.String)" line-rate="0" branch-rate="1" complexity="NaN">
              <lines>
                <line number="17" hits="0" branch="false" />
              </lines>
            </method>
            <method name="status" signature="()" line-rate="0" branch-rate="1" complexity="NaN">
              <lines>
                <line number="18" hits="0" branch="false" />
              </lines>
            </method>
            <method name="status" signature="(System.String)" line-rate="0" branch-rate="1" complexity="NaN">
              <lines>
                <line number="18" hits="0" branch="false" />
              </lines>
            </method>
            <method name="page" signature="()" line-rate="0" branch-rate="1" complexity="NaN">
              <lines>
                <line number="19" hits="0" branch="false" />
              </lines>
            </method>
            <method name="page" signature="(System.Int32)" line-rate="0" branch-rate="1" complexity="NaN">
              <lines>
                <line number="19" hits="0" branch="false" />
              </lines>
            </method>
            <method name="label_id" signature="()" line-rate="0" branch-rate="1" complexity="NaN">
              <lines>
                <line number="20" hits="0" branch="false" />
              </lines>
            </method>
            <method name="label_id" signature="(System.String)" line-rate="0" branch-rate="1" complexity="NaN">
              <lines>
                <line number="20" hits="0" branch="false" />
              </lines>
            </method>
          </methods>
          <lines>
            <line number="10" hits="0" branch="false" />
            <line number="11" hits="0" branch="false" />
            <line number="12" hits="0" branch="false" />
            <line number="13" hits="0" branch="false" />
            <line number="14" hits="0" branch="false" />
            <line number="15" hits="0" branch="false" />
            <line number="16" hits="0" branch="false" />
            <line number="17" hits="0" branch="false" />
            <line number="18" hits="0" branch="false" />
            <line number="19" hits="0" branch="false" />
            <line number="20" hits="0" branch="false" />
          </lines>
        </class>
        <class name="WebProject.Data.JsonEntity.Root" filename="C:\Users\kuora\Desktop\New folder (5)\PSI\WebProject\WebProject\Data\JsonEntity\Root.cs" line-rate="0" branch-rate="1" complexity="NaN">
          <methods>
            <method name="moderated_images_count" signature="()" line-rate="0" branch-rate="1" complexity="NaN">
              <lines>
                <line number="10" hits="0" branch="false" />
              </lines>
            </method>
            <method name="moderated_images_count" signature="(System.Int32)" line-rate="0" branch-rate="1" complexity="NaN">
              <lines>
                <line number="10" hits="0" branch="false" />
              </lines>
            </method>
            <method name="unmoderated_images_count" signature="()" line-rate="0" branch-rate="1" complexity="NaN">
              <lines>
                <line number="11" hits="0" branch="false" />
              </lines>
            </method>
            <method name="unmoderated_images_count" signature="(System.Int32)" line-rate="0" branch-rate="1" complexity="NaN">
              <lines>
                <line number="11" hits="0" branch="false" />
              </lines>
            </method>
            <method name="moderated_images" signature="()" line-rate="0" branch-rate="1" complexity="NaN">
              <lines>
                <line number="12" hits="0" branch="false" />
              </lines>
            </method>
            <method name="moderated_images" signature="(System.Collections.Generic.List`1&lt;System.Object&gt;)" line-rate="0" branch-rate="1" complexity="NaN">
              <lines>
                <line number="12" hits="0" branch="false" />
              </lines>
            </method>
            <method name="unmoderated_images" signature="()" line-rate="0" branch-rate="1" complexity="NaN">
              <lines>
                <line number="13" hits="0" branch="false" />
              </lines>
            </method>
            <method name="unmoderated_images" signature="(System.Collections.Generic.List`1&lt;WebProject.Data.JsonEntity.UnmoderatedImage&gt;)" line-rate="0" branch-rate="1" complexity="NaN">
              <lines>
                <line number="13" hits="0" branch="false" />
              </lines>
            </method>
            <method name="signed_urls" signature="()" line-rate="0" branch-rate="1" complexity="NaN">
              <lines>
                <line number="14" hits="0" branch="false" />
              </lines>
            </method>
            <method name="signed_urls" signature="(WebProject.Data.JsonEntity.SignedUrls)" line-rate="0" branch-rate="1" complexity="NaN">
              <lines>
                <line number="14" hits="0" branch="false" />
              </lines>
            </method>
          </methods>
          <lines>
            <line number="10" hits="0" branch="false" />
            <line number="11" hits="0" branch="false" />
            <line number="12" hits="0" branch="false" />
            <line number="13" hits="0" branch="false" />
            <line number="14" hits="0" branch="false" />
          </lines>
        </class>
        <class name="WebProject.Data.JsonEntity.Rootobject" filename="C:\Users\kuora\Desktop\New folder (5)\PSI\WebProject\WebProject\Data\JsonEntity\Rootobject.cs" line-rate="0" branch-rate="1" complexity="NaN">
          <methods>
            <method name="Property1" signature="()" line-rate="0" branch-rate="1" complexity="NaN">
              <lines>
                <line number="11" hits="0" branch="false" />
              </lines>
            </method>
            <method name="Property1" signature="(WebProject.Data.JsonEntity.Root[])" line-rate="0" branch-rate="1" complexity="NaN">
              <lines>
                <line number="11" hits="0" branch="false" />
              </lines>
            </method>
          </methods>
          <lines>
            <line number="11" hits="0" branch="false" />
          </lines>
        </class>
        <class name="WebProject.Data.JsonEntity.SignedUrls" filename="C:\Users\kuora\Desktop\New folder (5)\PSI\WebProject\WebProject\Data\JsonEntity\SignedUrls.cs" line-rate="0" branch-rate="1" complexity="NaN">
          <methods>
            <method name="Uploadedfiles856a88e18fae4bf9Be3eCd68e90051b0PredictionImages3edf015016d0435fB9ee1b6062e31422Jpeg" signature="()" line-rate="0" branch-rate="1" complexity="NaN">
              <lines>
                <line number="12" hits="0" branch="false" />
              </lines>
            </method>
            <method name="Uploadedfiles856a88e18fae4bf9Be3eCd68e90051b0PredictionImages3edf015016d0435fB9ee1b6062e31422Jpeg" signature="(WebProject.Data.JsonEntity.UploadedFiles)" line-rate="0" branch-rate="1" complexity="NaN">
              <lines>
                <line number="12" hits="0" branch="false" />
              </lines>
            </method>
          </methods>
          <lines>
            <line number="12" hits="0" branch="false" />
          </lines>
        </class>
        <class name="WebProject.Data.JsonEntity.Size" filename="C:\Users\kuora\Desktop\New folder (5)\PSI\WebProject\WebProject\Data\JsonEntity\Size.cs" line-rate="0" branch-rate="1" complexity="NaN">
          <methods>
            <method name="width" signature="()" line-rate="0" branch-rate="1" complexity="NaN">
              <lines>
                <line number="10" hits="0" branch="false" />
              </lines>
            </method>
            <method name="width" signature="(System.Int32)" line-rate="0" branch-rate="1" complexity="NaN">
              <lines>
                <line number="10" hits="0" branch="false" />
              </lines>
            </method>
            <method name="height" signature="()" line-rate="0" branch-rate="1" complexity="NaN">
              <lines>
                <line number="11" hits="0" branch="false" />
              </lines>
            </method>
            <method name="height" signature="(System.Int32)" line-rate="0" branch-rate="1" complexity="NaN">
              <lines>
                <line number="11" hits="0" branch="false" />
              </lines>
            </method>
          </methods>
          <lines>
            <line number="10" hits="0" branch="false" />
            <line number="11" hits="0" branch="false" />
          </lines>
        </class>
        <class name="WebProject.Data.JsonEntity.UnmoderatedImage" filename="C:\Users\kuora\Desktop\New folder (5)\PSI\WebProject\WebProject\Data\JsonEntity\UnmoderatedImage.cs" line-rate="0" branch-rate="1" complexity="NaN">
          <methods>
            <method name="model_id" signature="()" line-rate="0" branch-rate="1" complexity="NaN">
              <lines>
                <line number="10" hits="0" branch="false" />
              </lines>
            </method>
            <method name="model_id" signature="(System.String)" line-rate="0" branch-rate="1" complexity="NaN">
              <lines>
                <line number="10" hits="0" branch="false" />
              </lines>
            </method>
            <method name="day_since_epoch" signature="()" line-rate="0" branch-rate="1" complexity="NaN">
              <lines>
                <line number="11" hits="0" branch="false" />
              </lines>
            </method>
            <method name="day_since_epoch" signature="(System.Int32)" line-rate="0" branch-rate="1" complexity="NaN">
              <lines>
                <line number="11" hits="0" branch="false" />
              </lines>
            </method>
            <method name="is_moderated" signature="()" line-rate="0" branch-rate="1" complexity="NaN">
              <lines>
                <line number="12" hits="0" branch="false" />
              </lines>
            </method>
            <method name="is_moderated" signature="(System.Boolean)" line-rate="0" branch-rate="1" complexity="NaN">
              <lines>
                <line number="12" hits="0" branch="false" />
              </lines>
            </method>
            <method name="hour_of_day" signature="()" line-rate="0" branch-rate="1" complexity="NaN">
              <lines>
                <line number="13" hits="0" branch="false" />
              </lines>
            </method>
            <method name="hour_of_day" signature="(System.Int32)" line-rate="0" branch-rate="1" complexity="NaN">
              <lines>
                <line number="13" hits="0" branch="false" />
              </lines>
            </method>
            <method name="id" signature="()" line-rate="0" branch-rate="1" complexity="NaN">
              <lines>
                <line number="14" hits="0" branch="false" />
              </lines>
            </method>
            <method name="id" signature="(System.String)" line-rate="0" branch-rate="1" complexity="NaN">
              <lines>
                <line number="14" hits="0" branch="false" />
              </lines>
            </method>
            <method name="url" signature="()" line-rate="0" branch-rate="1" complexity="NaN">
              <lines>
                <line number="15" hits="0" branch="false" />
              </lines>
            </method>
            <method name="url" signature="(System.String)" line-rate="0" branch-rate="1" complexity="NaN">
              <lines>
                <line number="15" hits="0" branch="false" />
              </lines>
            </method>
            <method name="predicted_boxes" signature="()" line-rate="0" branch-rate="1" complexity="NaN">
              <lines>
                <line number="16" hits="0" branch="false" />
              </lines>
            </method>
            <method name="predicted_boxes" signature="(System.Collections.Generic.List`1&lt;WebProject.Data.JsonEntity.PredictedBox&gt;)" line-rate="0" branch-rate="1" complexity="NaN">
              <lines>
                <line number="16" hits="0" branch="false" />
              </lines>
            </method>
            <method name="moderated_boxes" signature="()" line-rate="0" branch-rate="1" complexity="NaN">
              <lines>
                <line number="17" hits="0" branch="false" />
              </lines>
            </method>
            <method name="moderated_boxes" signature="(System.Collections.Generic.List`1&lt;System.Object&gt;)" line-rate="0" branch-rate="1" complexity="NaN">
              <lines>
                <line number="17" hits="0" branch="false" />
              </lines>
            </method>
            <method name="size" signature="()" line-rate="0" branch-rate="1" complexity="NaN">
              <lines>
                <line number="18" hits="0" branch="false" />
              </lines>
            </method>
            <method name="size" signature="(WebProject.Data.JsonEntity.Size)" line-rate="0" branch-rate="1" complexity="NaN">
              <lines>
                <line number="18" hits="0" branch="false" />
              </lines>
            </method>
            <method name="page" signature="()" line-rate="0" branch-rate="1" complexity="NaN">
              <lines>
                <line number="19" hits="0" branch="false" />
              </lines>
            </method>
            <method name="page" signature="(System.Int32)" line-rate="0" branch-rate="1" complexity="NaN">
              <lines>
                <line number="19" hits="0" branch="false" />
              </lines>
            </method>
            <method name="request_file_id" signature="()" line-rate="0" branch-rate="1" complexity="NaN">
              <lines>
                <line number="20" hits="0" branch="false" />
              </lines>
            </method>
            <method name="request_file_id" signature="(System.String)" line-rate="0" branch-rate="1" complexity="NaN">
              <lines>
                <line number="20" hits="0" branch="false" />
              </lines>
            </method>
            <method name="original_file_name" signature="()" line-rate="0" branch-rate="1" complexity="NaN">
              <lines>
                <line number="21" hits="0" branch="false" />
              </lines>
            </method>
            <method name="original_file_name" signature="(System.String)" line-rate="0" branch-rate="1" complexity="NaN">
              <lines>
                <line number="21" hits="0" branch="false" />
              </lines>
            </method>
            <method name="custom_response" signature="()" line-rate="0" branch-rate="1" complexity="NaN">
              <lines>
                <line number="22" hits="0" branch="false" />
              </lines>
            </method>
            <method name="custom_response" signature="(System.Object)" line-rate="0" branch-rate="1" complexity="NaN">
              <lines>
                <line number="22" hits="0" branch="false" />
              </lines>
            </method>
            <method name="assigned_member" signature="()" line-rate="0" branch-rate="1" complexity="NaN">
              <lines>
                <line number="23" hits="0" branch="false" />
              </lines>
            </method>
            <method name="assigned_member" signature="(System.String)" line-rate="0" branch-rate="1" complexity="NaN">
              <lines>
                <line number="23" hits="0" branch="false" />
              </lines>
            </method>
            <method name="is_deleted" signature="()" line-rate="0" branch-rate="1" complexity="NaN">
              <lines>
                <line number="24" hits="0" branch="false" />
              </lines>
            </method>
            <method name="is_deleted" signature="(System.Boolean)" line-rate="0" branch-rate="1" complexity="NaN">
              <lines>
                <line number="24" hits="0" branch="false" />
              </lines>
            </method>
            <method name="source" signature="()" line-rate="0" branch-rate="1" complexity="NaN">
              <lines>
                <line number="25" hits="0" branch="false" />
              </lines>
            </method>
            <method name="source" signature="(System.String)" line-rate="0" branch-rate="1" complexity="NaN">
              <lines>
                <line number="25" hits="0" branch="false" />
              </lines>
            </method>
            <method name="no_of_fields" signature="()" line-rate="0" branch-rate="1" complexity="NaN">
              <lines>
                <line number="26" hits="0" branch="false" />
              </lines>
            </method>
            <method name="no_of_fields" signature="(System.Int32)" line-rate="0" branch-rate="1" complexity="NaN">
              <lines>
                <line number="26" hits="0" branch="false" />
              </lines>
            </method>
            <method name="cost" signature="()" line-rate="0" branch-rate="1" complexity="NaN">
              <lines>
                <line number="27" hits="0" branch="false" />
              </lines>
            </method>
            <method name="cost" signature="(System.Int32)" line-rate="0" branch-rate="1" complexity="NaN">
              <lines>
                <line number="27" hits="0" branch="false" />
              </lines>
            </method>
            <method name="payable_cost" signature="()" line-rate="0" branch-rate="1" complexity="NaN">
              <lines>
                <line number="28" hits="0" branch="false" />
              </lines>
            </method>
            <method name="payable_cost" signature="(System.Int32)" line-rate="0" branch-rate="1" complexity="NaN">
              <lines>
                <line number="28" hits="0" branch="false" />
              </lines>
            </method>
            <method name="status" signature="()" line-rate="0" branch-rate="1" complexity="NaN">
              <lines>
                <line number="29" hits="0" branch="false" />
              </lines>
            </method>
            <method name="status" signature="(System.String)" line-rate="0" branch-rate="1" complexity="NaN">
              <lines>
                <line number="29" hits="0" branch="false" />
              </lines>
            </method>
            <method name="export_status" signature="()" line-rate="0" branch-rate="1" complexity="NaN">
              <lines>
                <line number="30" hits="0" branch="false" />
              </lines>
            </method>
            <method name="export_status" signature="(System.String)" line-rate="0" branch-rate="1" complexity="NaN">
              <lines>
                <line number="30" hits="0" branch="false" />
              </lines>
            </method>
            <method name="retries" signature="()" line-rate="0" branch-rate="1" complexity="NaN">
              <lines>
                <line number="31" hits="0" branch="false" />
              </lines>
            </method>
            <method name="retries" signature="(System.Int32)" line-rate="0" branch-rate="1" complexity="NaN">
              <lines>
                <line number="31" hits="0" branch="false" />
              </lines>
            </method>
            <method name="rotation" signature="()" line-rate="0" branch-rate="1" complexity="NaN">
              <lines>
                <line number="32" hits="0" branch="false" />
              </lines>
            </method>
            <method name="rotation" signature="(System.Int32)" line-rate="0" branch-rate="1" complexity="NaN">
              <lines>
                <line number="32" hits="0" branch="false" />
              </lines>
            </method>
            <method name="updated_at" signature="()" line-rate="0" branch-rate="1" complexity="NaN">
              <lines>
                <line number="33" hits="0" branch="false" />
              </lines>
            </method>
            <method name="updated_at" signature="(System.String)" line-rate="0" branch-rate="1" complexity="NaN">
              <lines>
                <line number="33" hits="0" branch="false" />
              </lines>
            </method>
            <method name="verified_at" signature="()" line-rate="0" branch-rate="1" complexity="NaN">
              <lines>
                <line number="34" hits="0" branch="false" />
              </lines>
            </method>
            <method name="verified_at" signature="(System.String)" line-rate="0" branch-rate="1" complexity="NaN">
              <lines>
                <line number="34" hits="0" branch="false" />
              </lines>
            </method>
            <method name="verified_by" signature="()" line-rate="0" branch-rate="1" complexity="NaN">
              <lines>
                <line number="35" hits="0" branch="false" />
              </lines>
            </method>
            <method name="verified_by" signature="(System.String)" line-rate="0" branch-rate="1" complexity="NaN">
              <lines>
                <line number="35" hits="0" branch="false" />
              </lines>
            </method>
            <method name="current_stage_id" signature="()" line-rate="0" branch-rate="1" complexity="NaN">
              <lines>
                <line number="36" hits="0" branch="false" />
              </lines>
            </method>
            <method name="current_stage_id" signature="(System.String)" line-rate="0" branch-rate="1" complexity="NaN">
              <lines>
                <line number="36" hits="0" branch="false" />
              </lines>
            </method>
            <method name="uploaded_by" signature="()" line-rate="0" branch-rate="1" complexity="NaN">
              <lines>
                <line number="37" hits="0" branch="false" />
              </lines>
            </method>
            <method name="uploaded_by" signature="(System.String)" line-rate="0" branch-rate="1" complexity="NaN">
              <lines>
                <line number="37" hits="0" branch="false" />
              </lines>
            </method>
            <method name="upload_channel" signature="()" line-rate="0" branch-rate="1" complexity="NaN">
              <lines>
                <line number="38" hits="0" branch="false" />
              </lines>
            </method>
            <method name="upload_channel" signature="(System.String)" line-rate="0" branch-rate="1" complexity="NaN">
              <lines>
                <line number="38" hits="0" branch="false" />
              </lines>
            </method>
            <method name="file_url" signature="()" line-rate="0" branch-rate="1" complexity="NaN">
              <lines>
                <line number="39" hits="0" branch="false" />
              </lines>
            </method>
            <method name="file_url" signature="(System.String)" line-rate="0" branch-rate="1" complexity="NaN">
              <lines>
                <line number="39" hits="0" branch="false" />
              </lines>
            </method>
            <method name="request_metadata" signature="()" line-rate="0" branch-rate="1" complexity="NaN">
              <lines>
                <line number="40" hits="0" branch="false" />
              </lines>
            </method>
            <method name="request_metadata" signature="(System.String)" line-rate="0" branch-rate="1" complexity="NaN">
              <lines>
                <line number="40" hits="0" branch="false" />
              </lines>
            </method>
            <method name="raw_ocr" signature="()" line-rate="0" branch-rate="1" complexity="NaN">
              <lines>
                <line number="41" hits="0" branch="false" />
              </lines>
            </method>
            <method name="raw_ocr" signature="(System.Collections.Generic.List`1&lt;WebProject.Data.JsonEntity.RawOcr&gt;)" line-rate="0" branch-rate="1" complexity="NaN">
              <lines>
                <line number="41" hits="0" branch="false" />
              </lines>
            </method>
            <method name="delay_post_prediction_tasks" signature="()" line-rate="0" branch-rate="1" complexity="NaN">
              <lines>
                <line number="42" hits="0" branch="false" />
              </lines>
            </method>
            <method name="delay_post_prediction_tasks" signature="(System.Boolean)" line-rate="0" branch-rate="1" complexity="NaN">
              <lines>
                <line number="42" hits="0" branch="false" />
              </lines>
            </method>
            <method name="approval_status" signature="()" line-rate="0" branch-rate="1" complexity="NaN">
              <lines>
                <line number="43" hits="0" branch="false" />
              </lines>
            </method>
            <method name="approval_status" signature="(System.String)" line-rate="0" branch-rate="1" complexity="NaN">
              <lines>
                <line number="43" hits="0" branch="false" />
              </lines>
            </method>
          </methods>
          <lines>
            <line number="10" hits="0" branch="false" />
            <line number="11" hits="0" branch="false" />
            <line number="12" hits="0" branch="false" />
            <line number="13" hits="0" branch="false" />
            <line number="14" hits="0" branch="false" />
            <line number="15" hits="0" branch="false" />
            <line number="16" hits="0" branch="false" />
            <line number="17" hits="0" branch="false" />
            <line number="18" hits="0" branch="false" />
            <line number="19" hits="0" branch="false" />
            <line number="20" hits="0" branch="false" />
            <line number="21" hits="0" branch="false" />
            <line number="22" hits="0" branch="false" />
[...]
              </lines>
            </method>
            <method name="getCoords" signature="()" line-rate="0" branch-rate="1" complexity="1">
              <lines>
                <line number="18" hits="0" branch="false" />
                <line number="19" hits="0" branch="false" />
                <line number="20" hits="0" branch="false" />
              </lines>
            </method>
            <method name="setCoords" signature="(WebProject.Coords)" line-rate="0" branch-rate="1" complexity="NaN">
              <lines>
                <line number="23" hits="0" branch="false" />
                <line number="24" hits="0" branch="false" />
                <line number="25" hits="0" branch="false" />
              </lines>
            </method>
          </methods>
          <lines>
            <line number="12" hits="0" branch="false" />
            <line number="13" hits="0" branch="false" />
            <line number="14" hits="0" branch="false" />
            <line number="15" hits="0" branch="false" />
            <line number="18" hits="0" branch="false" />
            <line number="19" hits="0" branch="false" />
            <line number="20" hits="0" branch="false" />
            <line number="23" hits="0" branch="false" />
            <line number="24" hits="0" branch="false" />
            <line number="25" hits="0" branch="false" />
          </lines>
        </class>
        <class name="WebProject.ProcessData" filename="C:\Users\kuora\Desktop\New folder (5)\PSI\WebProject\WebProject\Business_logic\ProcessData.cs" line-rate="0" branch-rate="0" complexity="NaN">
          <methods>
            <method name="process" signature="(System.String,WebProject.IGasStation)" line-rate="0" branch-rate="0" complexity="NaN">
              <lines>
                <line number="19" hits="0" branch="false" />
                <line number="20" hits="0" branch="false" />
                <line number="21" hits="0" branch="false" />
                <line number="22" hits="0" branch="false" />
                <line number="65" hits="0" branch="false" />
                <line number="66" hits="0" branch="true" condition-coverage="0% (0/2)" />
                <line number="67" hits="0" branch="false" />
                <line number="68" hits="0" branch="false" />
                <line number="69" hits="0" branch="false" />
                <line number="70" hits="0" branch="false" />
                <line number="71" hits="0" branch="false" />
                <line number="72" hits="0" branch="false" />
                <line number="73" hits="0" branch="true" condition-coverage="0% (0/2)" />
                <line number="74" hits="0" branch="false" />
                <line number="75" hits="0" branch="false" />
                <line number="76" hits="0" branch="false" />
                <line number="77" hits="0" branch="false" />
                <line number="78" hits="0" branch="false" />
                <line number="79" hits="0" branch="false" />
                <line number="81" hits="0" branch="true" condition-coverage="0% (0/2)" />
                <line number="82" hits="0" branch="false" />
                <line number="83" hits="0" branch="false" />
                <line number="84" hits="0" branch="false" />
                <line number="86" hits="0" branch="false" />
                <line number="87" hits="0" branch="false" />
                <line number="88" hits="0" branch="false" />
                <line number="89" hits="0" branch="false" />
                <line number="90" hits="0" branch="false" />
                <line number="91" hits="0" branch="false" />
                <line number="92" hits="0" branch="false" />
                <line number="93" hits="0" branch="false" />
                <line number="94" hits="0" branch="false" />
                <line number="95" hits="0" branch="false" />
                <line number="96" hits="0" branch="false" />
                <line number="97" hits="0" branch="false" />
                <line number="99" hits="0" branch="true" condition-coverage="0% (0/2)" />
                <line number="100" hits="0" branch="false" />
                <line number="101" hits="0" branch="false" />
                <line number="102" hits="0" branch="false" />
                <line number="103" hits="0" branch="false" />
                <line number="104" hits="0" branch="false" />
                <line number="105" hits="0" branch="false" />
                <line number="106" hits="0" branch="false" />
                <line number="107" hits="0" branch="false" />
                <line number="108" hits="0" branch="false" />
                <line number="109" hits="0" branch="false" />
              </lines>
            </method>
          </methods>
          <lines>
            <line number="19" hits="0" branch="false" />
            <line number="20" hits="0" branch="false" />
            <line number="21" hits="0" branch="false" />
            <line number="22" hits="0" branch="false" />
            <line number="65" hits="0" branch="false" />
            <line number="66" hits="0" branch="true" condition-coverage="0% (0/2)" />
            <line number="67" hits="0" branch="false" />
            <line number="68" hits="0" branch="false" />
            <line number="69" hits="0" branch="false" />
            <line number="70" hits="0" branch="false" />
            <line number="71" hits="0" branch="false" />
            <line number="72" hits="0" branch="false" />
            <line number="73" hits="0" branch="true" condition-coverage="0% (0/2)" />
            <line number="74" hits="0" branch="false" />
            <line number="75" hits="0" branch="false" />
            <line number="76" hits="0" branch="false" />
            <line number="77" hits="0" branch="false" />
            <line number="78" hits="0" branch="false" />
            <line number="79" hits="0" branch="false" />
            <line number="81" hits="0" branch="true" condition-coverage="0% (0/2)" />
            <line number="82" hits="0" branch="false" />
            <line number="83" hits="0" branch="false" />
            <line number="84" hits="0" branch="false" />
            <line number="86" hits="0" branch="false" />
            <line number="87" hits="0" branch="false" />
            <line number="88" hits="0" branch="false" />
            <line number="89" hits="0" branch="false" />
            <line number="90" hits="0" branch="false" />
            <line number="91" hits="0" branch="false" />
            <line number="92" hits="0" branch="false" />
            <line number="93" hits="0" branch="false" />
            <line number="94" hits="0" branch="false" />
            <line number="95" hits="0" branch="false" />
            <line number="96" hits="0" branch="false" />
            <line number="97" hits="0" branch="false" />
            <line number="99" hits="0" branch="true" condition-coverage="0% (0/2)" />
            <line number="100" hits="0" branch="false" />
            <line number="101" hits="0" branch="false" />
            <line number="102" hits="0" branch="false" />
            <line number="103" hits="0" branch="false" />
            <line number="104" hits="0" branch="false" />
            <line number="105" hits="0" branch="false" />
            <line number="106" hits="0" branch="false" />
            <line number="107" hits="0" branch="false" />
            <line number="108" hits="0" branch="false" />
            <line number="109" hits="0" branch="false" />
          </lines>
        </class>
        <class name="WebProject.RouteConfig" filename="C:\Users\kuora\Desktop\New folder (5)\PSI\WebProject\WebProject\App_Start\RouteConfig.cs" line-rate="0" branch-rate="1" complexity="NaN">
          <methods>
            <method name="RegisterRoutes" signature="(System.Web.Routing.RouteCollection)" line-rate="0" branch-rate="1" complexity="NaN">
              <lines>
                <line number="12" hits="0" branch="false" />
                <line number="13" hits="0" branch="false" />
                <line number="14" hits="0" branch="false" />
                <line number="15" hits="0" branch="false" />
                <line number="16" hits="0" branch="false" />
              </lines>
            </method>
          </methods>
          <lines>
            <line number="12" hits="0" branch="false" />
            <line number="13" hits="0" branch="false" />
            <line number="14" hits="0" branch="false" />
            <line number="15" hits="0" branch="false" />
            <line number="16" hits="0" branch="false" />
          </lines>
        </class>
        <class name="WebProject.Site_Mobile" filename="C:\Users\kuora\Desktop\New folder (5)\PSI\WebProject\WebProject\Site.Mobile.Master.cs" line-rate="0" branch-rate="1" complexity="NaN">
          <methods>
            <method name="Page_Load" signature="(System.Object,System.EventArgs)" line-rate="0" branch-rate="1" complexity="NaN">
              <lines>
                <line number="13" hits="0" branch="false" />
                <line number="15" hits="0" branch="false" />
              </lines>
            </method>
          </methods>
          <lines>
            <line number="13" hits="0" branch="false" />
            <line number="15" hits="0" branch="false" />
          </lines>
        </class>
        <class name="WebProject.SiteMaster" filename="C:\Users\kuora\Desktop\New folder (5)\PSI\WebProject\WebProject\Site.Master.cs" line-rate="0" branch-rate="1" complexity="NaN">
          <methods>
            <method name="Page_Load" signature="(System.Object,System.EventArgs)" line-rate="0" branch-rate="1" complexity="NaN">
              <lines>
                <line number="13" hits="0" branch="false" />
                <line number="15" hits="0" branch="false" />
              </lines>
            </method>
          </methods>
          <lines>
            <line number="13" hits="0" branch="false" />
            <line number="15" hits="0" branch="false" />
          </lines>
        </class>
        <class name="WebProject.Table" filename="C:\Users\kuora\Desktop\New folder (5)\PSI\WebProject\WebProject\Presentation\Table.aspx.cs" line-rate="0" branch-rate="0" complexity="NaN">
          <methods>
            <method name="Page_Load" signature="(System.Object,System.EventArgs)" line-rate="0" branch-rate="0" complexity="NaN">
              <lines>
                <line number="19" hits="0" branch="false" />
                <line number="20" hits="0" branch="true" condition-coverage="0% (0/2)" />
                <line number="21" hits="0" branch="false" />
                <line number="22" hits="0" branch="false" />
                <line number="29" hits="0" branch="false" />
                <line number="30" hits="0" branch="false" />
                <line number="31" hits="0" branch="false" />
                <line number="32" hits="0" branch="false" />
                <line number="33" hits="0" branch="false" />
                <line number="34" hits="0" branch="false" />
                <line number="35" hits="0" branch="false" />
                <line number="36" hits="0" branch="false" />
                <line number="37" hits="0" branch="false" />
              </lines>
            </method>
            <method name="GasStationSelected" signature="(System.Object,System.EventArgs)" line-rate="0" branch-rate="0" complexity="NaN">
              <lines>
                <line number="40" hits="0" branch="false" />
                <line number="43" hits="0" branch="false" />
                <line number="44" hits="0" branch="false" />
                <line number="46" hits="0" branch="true" condition-coverage="0% (0/2)" />
                <line number="47" hits="0" branch="false" />
                <line number="48" hits="0" branch="false" />
                <line number="49" hits="0" branch="false" />
                <line number="51" hits="0" branch="false" />
              </lines>
            </method>
          </methods>
          <lines>
            <line number="19" hits="0" branch="false" />
            <line number="20" hits="0" branch="true" condition-coverage="0% (0/2)" />
            <line number="21" hits="0" branch="false" />
            <line number="22" hits="0" branch="false" />
            <line number="29" hits="0" branch="false" />
            <line number="30" hits="0" branch="false" />
            <line number="31" hits="0" branch="false" />
            <line number="32" hits="0" branch="false" />
            <line number="33" hits="0" branch="false" />
            <line number="34" hits="0" branch="false" />
            <line number="35" hits="0" branch="false" />
            <line number="36" hits="0" branch="false" />
            <line number="37" hits="0" branch="false" />
            <line number="40" hits="0" branch="false" />
            <line number="43" hits="0" branch="false" />
            <line number="44" hits="0" branch="false" />
            <line number="46" hits="0" branch="true" condition-coverage="0% (0/2)" />
            <line number="47" hits="0" branch="false" />
            <line number="48" hits="0" branch="false" />
            <line number="49" hits="0" branch="false" />
            <line number="51" hits="0" branch="false" />
          </lines>
        </class>
        <class name="WebProject.ViewSwitcher" filename="C:\Users\kuora\Desktop\New folder (5)\PSI\WebProject\WebProject\ViewSwitcher.ascx.cs" line-rate="0" branch-rate="0" complexity="NaN">
          <methods>
            <method name="CurrentView" signature="()" line-rate="0" branch-rate="1" complexity="NaN">
              <lines>
                <line number="14" hits="0" branch="false" />
              </lines>
            </method>
            <method name="CurrentView" signature="(System.String)" line-rate="0" branch-rate="1" complexity="NaN">
              <lines>
                <line number="14" hits="0" branch="false" />
              </lines>
            </method>
            <method name="AlternateView" signature="()" line-rate="0" branch-rate="1" complexity="NaN">
              <lines>
                <line number="16" hits="0" branch="false" />
              </lines>
            </method>
            <method name="AlternateView" signature="(System.String)" line-rate="0" branch-rate="1" complexity="NaN">
              <lines>
                <line number="16" hits="0" branch="false" />
              </lines>
            </method>
            <method name="SwitchUrl" signature="()" line-rate="0" branch-rate="1" complexity="NaN">
              <lines>
                <line number="18" hits="0" branch="false" />
              </lines>
            </method>
            <method name="SwitchUrl" signature="(System.String)" line-rate="0" branch-rate="1" complexity="NaN">
              <lines>
                <line number="18" hits="0" branch="false" />
              </lines>
            </method>
            <method name="Page_Load" signature="(System.Object,System.EventArgs)" line-rate="0" branch-rate="0" complexity="NaN">
              <lines>
                <line number="21" hits="0" branch="false" />
                <line number="23" hits="0" branch="false" />
                <line number="24" hits="0" branch="true" condition-coverage="0% (0/2)" />
                <line number="27" hits="0" branch="true" condition-coverage="0% (0/2)" />
                <line number="30" hits="0" branch="false" />
                <line number="31" hits="0" branch="false" />
                <line number="32" hits="0" branch="true" condition-coverage="0% (0/2)" />
                <line number="33" hits="0" branch="false" />
                <line number="35" hits="0" branch="false" />
                <line number="36" hits="0" branch="false" />
                <line number="38" hits="0" branch="false" />
                <line number="39" hits="0" branch="false" />
                <line number="40" hits="0" branch="false" />
                <line number="41" hits="0" branch="false" />
              </lines>
            </method>
          </methods>
          <lines>
            <line number="14" hits="0" branch="false" />
            <line number="16" hits="0" branch="false" />
            <line number="18" hits="0" branch="false" />
            <line number="21" hits="0" branch="false" />
            <line number="23" hits="0" branch="false" />
            <line number="24" hits="0" branch="true" condition-coverage="0% (0/2)" />
            <line number="27" hits="0" branch="true" condition-coverage="0% (0/2)" />
            <line number="30" hits="0" branch="false" />
            <line number="31" hits="0" branch="false" />
            <line number="32" hits="0" branch="true" condition-coverage="0% (0/2)" />
            <line number="33" hits="0" branch="false" />
            <line number="35" hits="0" branch="false" />
            <line number="36" hits="0" branch="false" />
            <line number="38" hits="0" branch="false" />
            <line number="39" hits="0" branch="false" />
            <line number="40" hits="0" branch="false" />
            <line number="41" hits="0" branch="false" />
          </lines>
        </class>
      </classes>
    </package>
    <package name="WebProjectTests" line-rate="1" branch-rate="1" complexity="2">
      <classes>
        <class name="WebProjectUnit.Tests.InsertionTests" filename="C:\Users\kuora\Desktop\New folder (5)\PSI\WebProject\WebProjectTests\InsertionTests.cs" line-rate="1" branch-rate="1" complexity="2">
          <methods>
            <method name="PriceValidationTest_PriceMatchesRegex_PriceIsAddedToTheList" signature="()" line-rate="1" branch-rate="1" complexity="1">
              <lines>
                <line number="17" hits="1" branch="false" />
                <line number="19" hits="1" branch="false" />
                <line number="20" hits="1" branch="false" />
                <line number="21" hits="1" branch="false" />
                <line number="24" hits="1" branch="false" />
                <line number="25" hits="1" branch="false" />
                <line number="28" hits="1" branch="false" />
                <line number="29" hits="1" branch="false" />
              </lines>
            </method>
            <method name="PriceValidationTest_UserInputEmpty_DashIsAddedToTheList" signature="()" line-rate="1" branch-rate="1" complexity="1">
              <lines>
                <line number="33" hits="1" branch="false" />
                <line number="34" hits="1" branch="false" />
                <line number="35" hits="1" branch="false" />
                <line number="36" hits="1" branch="false" />
                <line number="38" hits="1" branch="false" />
                <line number="41" hits="1" branch="false" />
                <line number="42" hits="1" branch="false" />
              </lines>
            </method>
          </methods>
          <lines>
            <line number="17" hits="1" branch="false" />
            <line number="19" hits="1" branch="false" />
            <line number="20" hits="1" branch="false" />
            <line number="21" hits="1" branch="false" />
            <line number="24" hits="1" branch="false" />
            <line number="25" hits="1" branch="false" />
            <line number="28" hits="1" branch="false" />
            <line number="29" hits="1" branch="false" />
            <line number="33" hits="1" branch="false" />
            <line number="34" hits="1" branch="false" />
            <line number="35" hits="1" branch="false" />
            <line number="36" hits="1" branch="false" />
            <line number="38" hits="1" branch="false" />
            <line number="41" hits="1" branch="false" />
            <line number="42" hits="1" branch="false" />
          </lines>
        </class>
      </classes>
    </package>
  </packages>
</coverage>